<?xml version="1.0" encoding="UTF-8"?>
<testsuite hostname="Bretick-PC" name="tests.AgendaLide" tests="3" failures="1" timestamp="27 Dec 2011 19:48:50 GMT" time="184.521" errors="0">
  <testcase name="checkPublications" time="57.051" classname="tests.AgendaLide"/>
  <testcase name="checkPublications" time="24.744" classname="tests.AgendaLide"/>
  <testcase name="checkPublications" time="102.57" classname="tests.AgendaLide">
    <failure type="java.lang.Throwable" message="Multiple failures (3):

Failure 1 of 3:
java.lang.AssertionError: 

Failure on page (title, link):
A central repository of publication results, implemented as a part of systems for revealing ...
https://is.muni.cz/publication/956090/cs?lang=cs

Additional information:
Verify that &amp;quot;css=h1#nadpis&amp;quot; matches &amp;quot;A central repository of publication results, implemented as a part of systems for revealing plagiarism&amp;quot;

 expected:&amp;lt;A central repository of publication results, implemented as a part of systems for revealing plagiarism&amp;gt; but was:&amp;lt;A central repository of publication results, implemented as a part of systems for revealing ...&amp;gt;
	at org.testng.Assert.fail(Assert.java:89)
	at org.testng.Assert.failNotEquals(Assert.java:480)
	at org.testng.Assert.assertEquals(Assert.java:118)
	at tests.TestBase.assertEquals(TestBase.java:268)
	at tests.TestBase.verifyEquals(TestBase.java:332)
	at tests.AgendaLide.checkPublications(AgendaLide.java:523)
	at sun.reflect.NativeMethodAccessorImpl.invoke0(Native Method)
	at sun.reflect.NativeMethodAccessorImpl.invoke(NativeMethodAccessorImpl.java:57)
	at sun.reflect.DelegatingMethodAccessorImpl.invoke(DelegatingMethodAccessorImpl.java:43)
	at java.lang.reflect.Method.invoke(Method.java:601)
	at org.testng.internal.MethodInvocationHelper.invokeMethod(MethodInvocationHelper.java:76)
	at org.testng.internal.Invoker.invokeMethod(Invoker.java:673)
	at org.testng.internal.Invoker.invokeTestMethod(Invoker.java:846)
	at org.testng.internal.Invoker.invokeTestMethods(Invoker.java:1170)
	at org.testng.internal.TestMethodWorker.invokeTestMethods(TestMethodWorker.java:125)
	at org.testng.internal.TestMethodWorker.run(TestMethodWorker.java:109)
	at org.testng.TestRunner.runWorkers(TestRunner.java:1147)
	at org.testng.TestRunner.privateRun(TestRunner.java:749)
	at org.testng.TestRunner.run(TestRunner.java:600)
	at org.testng.SuiteRunner.runTest(SuiteRunner.java:317)
	at org.testng.SuiteRunner.runSequentially(SuiteRunner.java:312)
	at org.testng.SuiteRunner.privateRun(SuiteRunner.java:274)
	at org.testng.SuiteRunner.run(SuiteRunner.java:223)
	at org.testng.SuiteRunnerWorker.runSuite(SuiteRunnerWorker.java:52)
	at org.testng.SuiteRunnerWorker.run(SuiteRunnerWorker.java:86)
	at org.testng.TestNG.runSuitesSequentially(TestNG.java:1039)
	at org.testng.TestNG.runSuitesSequentially(TestNG.java:1035)
	at org.testng.TestNG.runSuitesLocally(TestNG.java:964)
	at org.testng.TestNG.run(TestNG.java:900)
	at org.testng.TestNG.privateMain(TestNG.java:1182)
	at org.testng.TestNG.main(TestNG.java:1146)



Failure 2 of 3:
java.lang.AssertionError: 

Failure on page (title, link):
E-learning 2.0, or Sharing Educational Contents and Specialized Knowledge by Means of Information ...
https://is.muni.cz/publication/868967/cs?lang=cs

Additional information:
Verify that &amp;quot;css=h1#nadpis&amp;quot; matches &amp;quot;E-learning 2.0, or Sharing Educational Contents and Specialized Knowledge by Means of Information System of Masaryk University (IS MU)&amp;quot;

 expected:&amp;lt;E-learning 2.0, or Sharing Educational Contents and Specialized Knowledge by Means of Information System of Masaryk University (IS MU)&amp;gt; but was:&amp;lt;E-learning 2.0, or Sharing Educational Contents and Specialized Knowledge by Means of Information ...&amp;gt;
	at org.testng.Assert.fail(Assert.java:89)
	at org.testng.Assert.failNotEquals(Assert.java:480)
	at org.testng.Assert.assertEquals(Assert.java:118)
	at tests.TestBase.assertEquals(TestBase.java:268)
	at tests.TestBase.verifyEquals(TestBase.java:332)
	at tests.AgendaLide.checkPublications(AgendaLide.java:523)
	at sun.reflect.NativeMethodAccessorImpl.invoke0(Native Method)
	at sun.reflect.NativeMethodAccessorImpl.invoke(NativeMethodAccessorImpl.java:57)
	at sun.reflect.DelegatingMethodAccessorImpl.invoke(DelegatingMethodAccessorImpl.java:43)
	at java.lang.reflect.Method.invoke(Method.java:601)
	at org.testng.internal.MethodInvocationHelper.invokeMethod(MethodInvocationHelper.java:76)
	at org.testng.internal.Invoker.invokeMethod(Invoker.java:673)
	at org.testng.internal.Invoker.invokeTestMethod(Invoker.java:846)
	at org.testng.internal.Invoker.invokeTestMethods(Invoker.java:1170)
	at org.testng.internal.TestMethodWorker.invokeTestMethods(TestMethodWorker.java:125)
	at org.testng.internal.TestMethodWorker.run(TestMethodWorker.java:109)
	at org.testng.TestRunner.runWorkers(TestRunner.java:1147)
	at org.testng.TestRunner.privateRun(TestRunner.java:749)
	at org.testng.TestRunner.run(TestRunner.java:600)
	at org.testng.SuiteRunner.runTest(SuiteRunner.java:317)
	at org.testng.SuiteRunner.runSequentially(SuiteRunner.java:312)
	at org.testng.SuiteRunner.privateRun(SuiteRunner.java:274)
	at org.testng.SuiteRunner.run(SuiteRunner.java:223)
	at org.testng.SuiteRunnerWorker.runSuite(SuiteRunnerWorker.java:52)
	at org.testng.SuiteRunnerWorker.run(SuiteRunnerWorker.java:86)
	at org.testng.TestNG.runSuitesSequentially(TestNG.java:1039)
	at org.testng.TestNG.runSuitesSequentially(TestNG.java:1035)
	at org.testng.TestNG.runSuitesLocally(TestNG.java:964)
	at org.testng.TestNG.run(TestNG.java:900)
	at org.testng.TestNG.privateMain(TestNG.java:1182)
	at org.testng.TestNG.main(TestNG.java:1146)



Failure 3 of 3:
java.lang.AssertionError: 

Failure on page (title, link):
Plošná inovace předmětů s využitím e-learningových nástrojů Informačního systému Masarykovy ...
https://is.muni.cz/publication/860042/cs?lang=cs

Additional information:
Verify that &amp;quot;css=h1#nadpis&amp;quot; matches &amp;quot;Plošná inovace předmětů s využitím e-learningových nástrojů Informačního systému Masarykovy univerzity (IS MU)&amp;quot;

 expected:&amp;lt;Plošná inovace předmětů s využitím e-learningových nástrojů Informačního systému Masarykovy univerzity (IS MU)&amp;gt; but was:&amp;lt;Plošná inovace předmětů s využitím e-learningových nástrojů Informačního systému Masarykovy ...&amp;gt;">
      <![CDATA[java.lang.Throwable: Multiple failures (3):

Failure 1 of 3:
java.lang.AssertionError: 

Failure on page (title, link):
A central repository of publication results, implemented as a part of systems for revealing ...
https://is.muni.cz/publication/956090/cs?lang=cs

Additional information:
Verify that "css=h1#nadpis" matches "A central repository of publication results, implemented as a part of systems for revealing plagiarism"

 expected:<A central repository of publication results, implemented as a part of systems for revealing plagiarism> but was:<A central repository of publication results, implemented as a part of systems for revealing ...>
	at org.testng.Assert.fail(Assert.java:89)
	at org.testng.Assert.failNotEquals(Assert.java:480)
	at org.testng.Assert.assertEquals(Assert.java:118)
	at tests.TestBase.assertEquals(TestBase.java:268)
	at tests.TestBase.verifyEquals(TestBase.java:332)
	at tests.AgendaLide.checkPublications(AgendaLide.java:523)
	at sun.reflect.NativeMethodAccessorImpl.invoke0(Native Method)
	at sun.reflect.NativeMethodAccessorImpl.invoke(NativeMethodAccessorImpl.java:57)
	at sun.reflect.DelegatingMethodAccessorImpl.invoke(DelegatingMethodAccessorImpl.java:43)
	at java.lang.reflect.Method.invoke(Method.java:601)
	at org.testng.internal.MethodInvocationHelper.invokeMethod(MethodInvocationHelper.java:76)
	at org.testng.internal.Invoker.invokeMethod(Invoker.java:673)
	at org.testng.internal.Invoker.invokeTestMethod(Invoker.java:846)
	at org.testng.internal.Invoker.invokeTestMethods(Invoker.java:1170)
	at org.testng.internal.TestMethodWorker.invokeTestMethods(TestMethodWorker.java:125)
	at org.testng.internal.TestMethodWorker.run(TestMethodWorker.java:109)
	at org.testng.TestRunner.runWorkers(TestRunner.java:1147)
	at org.testng.TestRunner.privateRun(TestRunner.java:749)
	at org.testng.TestRunner.run(TestRunner.java:600)
	at org.testng.SuiteRunner.runTest(SuiteRunner.java:317)
	at org.testng.SuiteRunner.runSequentially(SuiteRunner.java:312)
	at org.testng.SuiteRunner.privateRun(SuiteRunner.java:274)
	at org.testng.SuiteRunner.run(SuiteRunner.java:223)
	at org.testng.SuiteRunnerWorker.runSuite(SuiteRunnerWorker.java:52)
	at org.testng.SuiteRunnerWorker.run(SuiteRunnerWorker.java:86)
	at org.testng.TestNG.runSuitesSequentially(TestNG.java:1039)
	at org.testng.TestNG.runSuitesSequentially(TestNG.java:1035)
	at org.testng.TestNG.runSuitesLocally(TestNG.java:964)
	at org.testng.TestNG.run(TestNG.java:900)
	at org.testng.TestNG.privateMain(TestNG.java:1182)
	at org.testng.TestNG.main(TestNG.java:1146)



Failure 2 of 3:
java.lang.AssertionError: 

Failure on page (title, link):
E-learning 2.0, or Sharing Educational Contents and Specialized Knowledge by Means of Information ...
https://is.muni.cz/publication/868967/cs?lang=cs

Additional information:
Verify that "css=h1#nadpis" matches "E-learning 2.0, or Sharing Educational Contents and Specialized Knowledge by Means of Information System of Masaryk University (IS MU)"

 expected:<E-learning 2.0, or Sharing Educational Contents and Specialized Knowledge by Means of Information System of Masaryk University (IS MU)> but was:<E-learning 2.0, or Sharing Educational Contents and Specialized Knowledge by Means of Information ...>
	at org.testng.Assert.fail(Assert.java:89)
	at org.testng.Assert.failNotEquals(Assert.java:480)
	at org.testng.Assert.assertEquals(Assert.java:118)
	at tests.TestBase.assertEquals(TestBase.java:268)
	at tests.TestBase.verifyEquals(TestBase.java:332)
	at tests.AgendaLide.checkPublications(AgendaLide.java:523)
	at sun.reflect.NativeMethodAccessorImpl.invoke0(Native Method)
	at sun.reflect.NativeMethodAccessorImpl.invoke(NativeMethodAccessorImpl.java:57)
	at sun.reflect.DelegatingMethodAccessorImpl.invoke(DelegatingMethodAccessorImpl.java:43)
	at java.lang.reflect.Method.invoke(Method.java:601)
	at org.testng.internal.MethodInvocationHelper.invokeMethod(MethodInvocationHelper.java:76)
	at org.testng.internal.Invoker.invokeMethod(Invoker.java:673)
	at org.testng.internal.Invoker.invokeTestMethod(Invoker.java:846)
	at org.testng.internal.Invoker.invokeTestMethods(Invoker.java:1170)
	at org.testng.internal.TestMethodWorker.invokeTestMethods(TestMethodWorker.java:125)
	at org.testng.internal.TestMethodWorker.run(TestMethodWorker.java:109)
	at org.testng.TestRunner.runWorkers(TestRunner.java:1147)
	at org.testng.TestRunner.privateRun(TestRunner.java:749)
	at org.testng.TestRunner.run(TestRunner.java:600)
	at org.testng.SuiteRunner.runTest(SuiteRunner.java:317)
	at org.testng.SuiteRunner.runSequentially(SuiteRunner.java:312)
	at org.testng.SuiteRunner.privateRun(SuiteRunner.java:274)
	at org.testng.SuiteRunner.run(SuiteRunner.java:223)
	at org.testng.SuiteRunnerWorker.runSuite(SuiteRunnerWorker.java:52)
	at org.testng.SuiteRunnerWorker.run(SuiteRunnerWorker.java:86)
	at org.testng.TestNG.runSuitesSequentially(TestNG.java:1039)
	at org.testng.TestNG.runSuitesSequentially(TestNG.java:1035)
	at org.testng.TestNG.runSuitesLocally(TestNG.java:964)
	at org.testng.TestNG.run(TestNG.java:900)
	at org.testng.TestNG.privateMain(TestNG.java:1182)
	at org.testng.TestNG.main(TestNG.java:1146)



Failure 3 of 3:
java.lang.AssertionError: 

Failure on page (title, link):
Plošná inovace předmětů s využitím e-learningových nástrojů Informačního systému Masarykovy ...
https://is.muni.cz/publication/860042/cs?lang=cs

Additional information:
Verify that "css=h1#nadpis" matches "Plošná inovace předmětů s využitím e-learningových nástrojů Informačního systému Masarykovy univerzity (IS MU)"

 expected:<Plošná inovace předmětů s využitím e-learningových nástrojů Informačního systému Masarykovy univerzity (IS MU)> but was:<Plošná inovace předmětů s využitím e-learningových nástrojů Informačního systému Masarykovy ...>
	at org.testng.Assert.fail(Assert.java:89)
	at org.testng.Assert.failNotEquals(Assert.java:480)
	at org.testng.Assert.assertEquals(Assert.java:118)
	at tests.TestBase.assertEquals(TestBase.java:268)
	at tests.TestBase.verifyEquals(TestBase.java:332)
	at tests.AgendaLide.checkPublications(AgendaLide.java:523)
	at sun.reflect.NativeMethodAccessorImpl.invoke0(Native Method)
	at sun.reflect.NativeMethodAccessorImpl.invoke(NativeMethodAccessorImpl.java:57)
	at sun.reflect.DelegatingMethodAccessorImpl.invoke(DelegatingMethodAccessorImpl.java:43)
	at java.lang.reflect.Method.invoke(Method.java:601)
	at org.testng.internal.MethodInvocationHelper.invokeMethod(MethodInvocationHelper.java:76)
	at org.testng.internal.Invoker.invokeMethod(Invoker.java:673)
	at org.testng.internal.Invoker.invokeTestMethod(Invoker.java:846)
	at org.testng.internal.Invoker.invokeTestMethods(Invoker.java:1170)
	at org.testng.internal.TestMethodWorker.invokeTestMethods(TestMethodWorker.java:125)
	at org.testng.internal.TestMethodWorker.run(TestMethodWorker.java:109)
	at org.testng.TestRunner.runWorkers(TestRunner.java:1147)
	at org.testng.TestRunner.privateRun(TestRunner.java:749)
	at org.testng.TestRunner.run(TestRunner.java:600)
	at org.testng.SuiteRunner.runTest(SuiteRunner.java:317)
	at org.testng.SuiteRunner.runSequentially(SuiteRunner.java:312)
	at org.testng.SuiteRunner.privateRun(SuiteRunner.java:274)
	at org.testng.SuiteRunner.run(SuiteRunner.java:223)
	at org.testng.SuiteRunnerWorker.runSuite(SuiteRunnerWorker.java:52)
	at org.testng.SuiteRunnerWorker.run(SuiteRunnerWorker.java:86)
	at org.testng.TestNG.runSuitesSequentially(TestNG.java:1039)
	at org.testng.TestNG.runSuitesSequentially(TestNG.java:1035)
	at org.testng.TestNG.runSuitesLocally(TestNG.java:964)
	at org.testng.TestNG.run(TestNG.java:900)
	at org.testng.TestNG.privateMain(TestNG.java:1182)
	at org.testng.TestNG.main(TestNG.java:1146)
]]>
    </failure>
  </testcase>
</testsuite>
