<html xmlns:math="http://exslt.org/math" xmlns:testng="http://testng.org">
   <head>
      <title>Test Report 2011-12-27 20:32:18</title>
      <meta http-equiv="content-type" content="text/html; charset=utf-8"></meta>
      <meta http-equiv="pragma" content="no-cache"></meta>
      <meta http-equiv="cache-control" content="max-age=0"></meta>
      <meta http-equiv="cache-control" content="no-cache"></meta>
      <meta http-equiv="cache-control" content="no-store"></meta>
      <LINK rel="stylesheet" href="style.css"></LINK>
      <script type="text/javascript" src="main.js"></script>
   </head>
   <body>
      <table width="100%" style="font-size: 16px; margin-bottom: 10px;" cellspacing="1">
         <tr>
            <td width="100%">
               All methods in suite
               
               <b>E-vyskyt-konkretnich-udaju-iexplorer</b>
            </td>
            <td style="background-color: #FFBBBB; padding: 3px 3px 3px 0;" align="center">
               <div style="width: 50px;">2</div>
            </td>
            <td style="background-color: lightgreen; padding: 3px 3px 3px 0;" align="center">
               <div style="width: 50px;">13</div>
            </td>
            <td style="background-color: #FFFFBB; padding: 3px 3px 3px 0;" align="center">
               <div style="width: 50px;">0</div>
            </td>
            <td align="center" style="background-color: #eaf0f7; padding: 3px 3px 3px 0;">
               <div style="width: 50px;">15</div>
            </td>
            <td align="center"
                style="font-weight: bold; background-color: #eaf0f7; padding: 3px 3px 3px 0;">
               <div style="width: 50px;">87%</div>
            </td>
            <td style="background-color: #eaf0f7; padding: 3px 3px 3px 0;" align="center"
                nowrap="true">10m
               5s
               
            </td>
         </tr>
      </table>
      <div style="width: 200px;">
         <label for="groupMethodsCheckBox" style="font-weight: bold; margin: 0;">
            <input id="groupMethodsCheckBox" type="checkbox" onclick="switchTestMethodsView(this)"
                   checked=""></input>
            Group by class
            
         </label>
         <br></br>
         <label for="methodsFilter_ALL" style="font-weight: bold; margin: 0;">
            <input id="methodsFilter_ALL" type="checkbox"
                   onclick="testMethodsFilterChanged(this, 'ALL')"
                   checked=""></input>
            All
            
         </label>
      </div>
      <label for="methodsFilter_FAIL" style="margin-left: 20px;">
         <input id="methodsFilter_FAIL" type="checkbox"
                onclick="testMethodsFilterChanged(this, 'FAIL')"
                checked=""></input>
         Failed
         
      </label>
      <label for="methodsFilter_PASS">
         <input id="methodsFilter_PASS" type="checkbox"
                onclick="testMethodsFilterChanged(this, 'PASS')"
                checked=""></input>
         Passed
         
      </label>
      <label for="methodsFilter_SKIP">
         <input id="methodsFilter_SKIP" type="checkbox"
                onclick="testMethodsFilterChanged(this, 'SKIP')"
                checked=""></input>
         Skipped
         
      </label>
      <label for="methodsFilter_CONF">
         <input id="methodsFilter_CONF" type="checkbox"
                onclick="testMethodsFilterChanged(this, 'CONF')"
                checked=""></input>
         Config
         
      </label>
      <br></br>
      <div id="testMethodsByStatus" style="display: none;">
         <table class="testMethodsTable" cellpadding="0" cellspacing="0">
            <tr class="methodsTableHeader">
               <td width="100%">Name</td>
               <td nowrap="true">Started</td>
               <td nowrap="true">Duration</td>
               <td>Exception</td>
            </tr>
            <tr id="tests.AgendaLide_checkRoleThesesSupervisor_byStatus_failed_FAIL1_row"
                class="testMethodStatusFAIL">
               <td width="100%" class="firstMethodCell">
                  <a onclick="toggleDetailsVisibility('tests.AgendaLide_checkRoleThesesSupervisor_byStatus_failed_FAIL1_details')">checkRoleThesesSupervisor(tests.AgendaLide$SupervisorTabData@1327667
                     
                     ,
                     
                     File: .\data\supervisorTabData.xls
                     
                     ,
                     
                     Row: 3)
                  </a>
               </td>
               <td nowrap="true">20:39:37</td>
               <td nowrap="true" align="right">4m
                  46s
                  
               </td>
               <td nowrap="true">
                  <a onclick="toggleDetailsVisibility('tests.AgendaLide_checkRoleThesesSupervisor_byStatus_failed_FAIL1_exception')">java.lang.Throwable: 
                     Multiple failures (4):
                     
                     Failure 1 of 4:
                     java.lang.AssertionError: 
                     
                     Failure on page (title, link):
                     Archiv závěrečné práce Jana Ságlová FF B-FI AJ /ff_b/
                     http://is.muni.cz/th/215719/ff_b/?lang=cs
                     
                     Additional information:
                     Verify that "css=h1#nadpis" contains "Archiv závěrečné práce Jana Havelková"
                     
                     expected:&lt;true&gt; but was:&lt;false&gt;
                     	at org.testng.Assert.fail(Assert.java:89)
                     	at org.testng.Assert.failNotEquals(Assert.java:480)
                     	at org.testng.Assert.assertTrue(Assert.java:37)
                     	at tests.TestBase.assertTrue(TestBase.java:232)
                     	at tests.TestBase.verifyTrue(TestBase.java:284)
                     	at tests.AgendaLide.checkRoleThesesSupervisor(AgendaLide.java:407)
                     	at sun.reflect.NativeMethodAccessorImpl.invoke0(Native Method)
                     	at sun.reflect.NativeMethodAccessorImpl.invoke(NativeMethodAccessorImpl.java:57)
                     	at sun.reflect.DelegatingMethodAccessorImpl.invoke(DelegatingMethodAccessorImpl.java:43)
                     	at java.lang.reflect.Method.invoke(Method.java:601)
                     	at org.testng.internal.MethodInvocationHelper.invokeMethod(MethodInvocationHelper.java:76)
                     	at org.testng.internal.Invoker.invokeMethod(Invoker.java:673)
                     	at org.testng.internal.Invoker.invokeTestMethod(Invoker.java:846)
                     	at org.testng.internal.Invoker.invokeTestMethods(Invoker.java:1170)
                     	at org.testng.internal.TestMethodWorker.invokeTestMethods(TestMethodWorker.java:125)
                     	at org.testng.internal.TestMethodWorker.run(TestMethodWorker.java:109)
                     	at org.testng.TestRunner.runWorkers(TestRunner.java:1147)
                     	at org.testng.TestRunner.privateRun(TestRunner.java:749)
                     	at org.testng.TestRunner.run(TestRunner.java:600)
                     	at org.testng.SuiteRunner.runTest(SuiteRunner.java:317)
                     	at org.testng.SuiteRunner.runSequentially(SuiteRunner.java:312)
                     	at org.testng.SuiteRunner.privateRun(SuiteRunner.java:274)
                     	at org.testng.SuiteRunner.run(SuiteRunner.java:223)
                     	at org.testng.SuiteRunnerWorker.runSuite(SuiteRunnerWorker.java:52)
                     	at org.testng.SuiteRunnerWorker.run(SuiteRunnerWorker.java:86)
                     	at org.testng.TestNG.runSuitesSequentially(TestNG.java:1039)
                     	at org.testng.TestNG.runSuitesSequentially(TestNG.java:1035)
                     	at org.testng.TestNG.runSuitesLocally(TestNG.java:964)
                     	at org.testng.TestNG.run(TestNG.java:900)
                     	at org.testng.TestNG.privateMain(TestNG.java:1182)
                     	at org.testng.TestNG.main(TestNG.java:1146)
                     
                     
                     
                     Failure 2 of 4:
                     java.lang.AssertionError: 
                     
                     Failure on page (title, link):
                     Archiv závěrečné práce Jana Pěgřímová FF B-FI AJ /ff_b/
                     http://is.muni.cz/th/106458/ff_b/?lang=cs
                     
                     Additional information:
                     Verify that "css=h1#nadpis" contains "Archiv závěrečné práce Jana Boháčková"
                     
                     expected:&lt;true&gt; but was:&lt;false&gt;
                     	at org.testng.Assert.fail(Assert.java:89)
                     	at org.testng.Assert.failNotEquals(Assert.java:480)
                     	at org.testng.Assert.assertTrue(Assert.java:37)
                     	at tests.TestBase.assertTrue(TestBase.java:232)
                     	at tests.TestBase.verifyTrue(TestBase.java:284)
                     	at tests.AgendaLide.checkRoleThesesSupervisor(AgendaLide.java:407)
                     	at sun.reflect.NativeMethodAccessorImpl.invoke0(Native Method)
                     	at sun.reflect.NativeMethodAccessorImpl.invoke(NativeMethodAccessorImpl.java:57)
                     	at sun.reflect.DelegatingMethodAccessorImpl.invoke(DelegatingMethodAccessorImpl.java:43)
                     	at java.lang.reflect.Method.invoke(Method.java:601)
                     	at org.testng.internal.MethodInvocationHelper.invokeMethod(MethodInvocationHelper.java:76)
                     	at org.testng.internal.Invoker.invokeMethod(Invoker.java:673)
                     	at org.testng.internal.Invoker.invokeTestMethod(Invoker.java:846)
                     	at org.testng.internal.Invoker.invokeTestMethods(Invoker.java:1170)
                     	at org.testng.internal.TestMethodWorker.invokeTestMethods(TestMethodWorker.java:125)
                     	at org.testng.internal.TestMethodWorker.run(TestMethodWorker.java:109)
                     	at org.testng.TestRunner.runWorkers(TestRunner.java:1147)
                     	at org.testng.TestRunner.privateRun(TestRunner.java:749)
                     	at org.testng.TestRunner.run(TestRunner.java:600)
                     	at org.testng.SuiteRunner.runTest(SuiteRunner.java:317)
                     	at org.testng.SuiteRunner.runSequentially(SuiteRunner.java:312)
                     	at org.testng.SuiteRunner.privateRun(SuiteRunner.java:274)
                     	at org.testng.SuiteRunner.run(SuiteRunner.java:223)
                     	at org.testng.SuiteRunnerWorker.runSuite(SuiteRunnerWorker.java:52)
                     	at org.testng.SuiteRunnerWorker.run(SuiteRunnerWorker.java:86)
                     	at org.testng.TestNG.runSuitesSequentially(TestNG.java:1039)
                     	at org.testng.TestNG.runSuitesSequentially(TestNG.java:1035)
                     	at org.testng.TestNG.runSuitesLocally(TestNG.java:964)
                     	at org.testng.TestNG.run(TestNG.java:900)
                     	at org.testng.TestNG.privateMain(TestNG.java:1182)
                     	at org.testng.TestNG.main(TestNG.java:1146)
                     
                     
                     
                     Failure 3 of 4:
                     java.lang.AssertionError: 
                     
                     Failure on page (title, link):
                     Archiv závěrečné práce Eva Kluková FF M-FI AJ /ff_m/
                     http://is.muni.cz/th/65075/ff_m/?lang=cs
                     
                     Additional information:
                     Verify that "css=h1#nadpis" contains "Archiv závěrečné práce Eva Lukáčová"
                     
                     expected:&lt;true&gt; but was:&lt;false&gt;
                     	at org.testng.Assert.fail(Assert.java:89)
                     	at org.testng.Assert.failNotEquals(Assert.java:480)
                     	at org.testng.Assert.assertTrue(Assert.java:37)
                     	at tests.TestBase.assertTrue(TestBase.java:232)
                     	at tests.TestBase.verifyTrue(TestBase.java:284)
                     	at tests.AgendaLide.checkRoleThesesSupervisor(AgendaLide.java:407)
                     	at sun.reflect.NativeMethodAccessorImpl.invoke0(Native Method)
                     	at sun.reflect.NativeMethodAccessorImpl.invoke(NativeMethodAccessorImpl.java:57)
                     	at sun.reflect.DelegatingMethodAccessorImpl.invoke(DelegatingMethodAccessorImpl.java:43)
                     	at java.lang.reflect.Method.invoke(Method.java:601)
                     	at org.testng.internal.MethodInvocationHelper.invokeMethod(MethodInvocationHelper.java:76)
                     	at org.testng.internal.Invoker.invokeMethod(Invoker.java:673)
                     	at org.testng.internal.Invoker.invokeTestMethod(Invoker.java:846)
                     	at org.testng.internal.Invoker.invokeTestMethods(Invoker.java:1170)
                     	at org.testng.internal.TestMethodWorker.invokeTestMethods(TestMethodWorker.java:125)
                     	at org.testng.internal.TestMethodWorker.run(TestMethodWorker.java:109)
                     	at org.testng.TestRunner.runWorkers(TestRunner.java:1147)
                     	at org.testng.TestRunner.privateRun(TestRunner.java:749)
                     	at org.testng.TestRunner.run(TestRunner.java:600)
                     	at org.testng.SuiteRunner.runTest(SuiteRunner.java:317)
                     	at org.testng.SuiteRunner.runSequentially(SuiteRunner.java:312)
                     	at org.testng.SuiteRunner.privateRun(SuiteRunner.java:274)
                     	at org.testng.SuiteRunner.run(SuiteRunner.java:223)
                     	at org.testng.SuiteRunnerWorker.runSuite(SuiteRunnerWorker.java:52)
                     	at org.testng.SuiteRunnerWorker.run(SuiteRunnerWorker.java:86)
                     	at org.testng.TestNG.runSuitesSequentially(TestNG.java:1039)
                     	at org.testng.TestNG.runSuitesSequentially(TestNG.java:1035)
                     	at org.testng.TestNG.runSuitesLocally(TestNG.java:964)
                     	at org.testng.TestNG.run(TestNG.java:900)
                     	at org.testng.TestNG.privateMain(TestNG.java:1182)
                     	at org.testng.TestNG.main(TestNG.java:1146)
                     
                     
                     
                     Failure 4 of 4:
                     java.lang.AssertionError: 
                     
                     Failure on page (title, link):
                     Archiv závěrečné práce Štěpánka Benešová FF M-FI AJ /ff_m/
                     http://is.muni.cz/th/15316/ff_m/?lang=cs
                     
                     Additional information:
                     Verify that "css=h1#nadpis" contains "Archiv závěrečné práce Štěpánka Dubinová"
                     
                     expected:&lt;true&gt; but was:&lt;false&gt;
                     
                  </a>
                   
                  
               </td>
            </tr>
            <tr>
               <td colspan="4" class="detailsBox">
                  <div id="tests.AgendaLide_checkRoleThesesSupervisor_byStatus_failed_FAIL1_details"
                       class="testMethodDetails">
                     <div>
                        <b>Name: </b>checkRoleThesesSupervisor
                     </div>
                     <div>
                        <b>Description: </b>Checks name and topic for block of information: Theses - Supervisor.
                     </div>
                     <div>
                        <b>Signature: </b>checkRoleThesesSupervisor(tests.AgendaLide$SupervisorTabData, java.lang.String, java.lang.String)
                     </div>
                     <div>
                        <b>Parameters: </b>
                        
                        tests.AgendaLide$SupervisorTabData@1327667
                        
                        ,
                        
                        File: .\data\supervisorTabData.xls
                        
                        ,
                        
                        Row: 3
                        
                        
                     </div>
                     <div>
                        <b>Start time: </b>20:39:37
                     </div>
                     <div>
                        <b>End time: </b>20:43:23
                     </div>
                     <div>
                        <b>Duration: </b>4m
                        46s
                        
                     </div>
                  </div>
               </td>
            </tr>
            <tr>
               <td colspan="4" class="detailsBox">
                  <div id="tests.AgendaLide_checkRoleThesesSupervisor_byStatus_failed_FAIL1_exception"
                       class="testMethodDetails">
                     <pre style="padding: 5px; margin: 0;">java.lang.Throwable: Multiple failures (4):
                        
                        Failure 1 of 4:
                        java.lang.AssertionError: 
                        
                        Failure on page (title, link):
                        Archiv závěrečné práce Jana Ságlová FF B-FI AJ /ff_b/
                        http://is.muni.cz/th/215719/ff_b/?lang=cs
                        
                        Additional information:
                        Verify that "css=h1#nadpis" contains "Archiv závěrečné práce Jana Havelková"
                        
                        expected:&lt;true&gt; but was:&lt;false&gt;
                        	at org.testng.Assert.fail(Assert.java:89)
                        	at org.testng.Assert.failNotEquals(Assert.java:480)
                        	at org.testng.Assert.assertTrue(Assert.java:37)
                        	at tests.TestBase.assertTrue(TestBase.java:232)
                        	at tests.TestBase.verifyTrue(TestBase.java:284)
                        	at tests.AgendaLide.checkRoleThesesSupervisor(AgendaLide.java:407)
                        	at sun.reflect.NativeMethodAccessorImpl.invoke0(Native Method)
                        	at sun.reflect.NativeMethodAccessorImpl.invoke(NativeMethodAccessorImpl.java:57)
                        	at sun.reflect.DelegatingMethodAccessorImpl.invoke(DelegatingMethodAccessorImpl.java:43)
                        	at java.lang.reflect.Method.invoke(Method.java:601)
                        	at org.testng.internal.MethodInvocationHelper.invokeMethod(MethodInvocationHelper.java:76)
                        	at org.testng.internal.Invoker.invokeMethod(Invoker.java:673)
                        	at org.testng.internal.Invoker.invokeTestMethod(Invoker.java:846)
                        	at org.testng.internal.Invoker.invokeTestMethods(Invoker.java:1170)
                        	at org.testng.internal.TestMethodWorker.invokeTestMethods(TestMethodWorker.java:125)
                        	at org.testng.internal.TestMethodWorker.run(TestMethodWorker.java:109)
                        	at org.testng.TestRunner.runWorkers(TestRunner.java:1147)
                        	at org.testng.TestRunner.privateRun(TestRunner.java:749)
                        	at org.testng.TestRunner.run(TestRunner.java:600)
                        	at org.testng.SuiteRunner.runTest(SuiteRunner.java:317)
                        	at org.testng.SuiteRunner.runSequentially(SuiteRunner.java:312)
                        	at org.testng.SuiteRunner.privateRun(SuiteRunner.java:274)
                        	at org.testng.SuiteRunner.run(SuiteRunner.java:223)
                        	at org.testng.SuiteRunnerWorker.runSuite(SuiteRunnerWorker.java:52)
                        	at org.testng.SuiteRunnerWorker.run(SuiteRunnerWorker.java:86)
                        	at org.testng.TestNG.runSuitesSequentially(TestNG.java:1039)
                        	at org.testng.TestNG.runSuitesSequentially(TestNG.java:1035)
                        	at org.testng.TestNG.runSuitesLocally(TestNG.java:964)
                        	at org.testng.TestNG.run(TestNG.java:900)
                        	at org.testng.TestNG.privateMain(TestNG.java:1182)
                        	at org.testng.TestNG.main(TestNG.java:1146)
                        
                        
                        
                        Failure 2 of 4:
                        java.lang.AssertionError: 
                        
                        Failure on page (title, link):
                        Archiv závěrečné práce Jana Pěgřímová FF B-FI AJ /ff_b/
                        http://is.muni.cz/th/106458/ff_b/?lang=cs
                        
                        Additional information:
                        Verify that "css=h1#nadpis" contains "Archiv závěrečné práce Jana Boháčková"
                        
                        expected:&lt;true&gt; but was:&lt;false&gt;
                        	at org.testng.Assert.fail(Assert.java:89)
                        	at org.testng.Assert.failNotEquals(Assert.java:480)
                        	at org.testng.Assert.assertTrue(Assert.java:37)
                        	at tests.TestBase.assertTrue(TestBase.java:232)
                        	at tests.TestBase.verifyTrue(TestBase.java:284)
                        	at tests.AgendaLide.checkRoleThesesSupervisor(AgendaLide.java:407)
                        	at sun.reflect.NativeMethodAccessorImpl.invoke0(Native Method)
                        	at sun.reflect.NativeMethodAccessorImpl.invoke(NativeMethodAccessorImpl.java:57)
                        	at sun.reflect.DelegatingMethodAccessorImpl.invoke(DelegatingMethodAccessorImpl.java:43)
                        	at java.lang.reflect.Method.invoke(Method.java:601)
                        	at org.testng.internal.MethodInvocationHelper.invokeMethod(MethodInvocationHelper.java:76)
                        	at org.testng.internal.Invoker.invokeMethod(Invoker.java:673)
                        	at org.testng.internal.Invoker.invokeTestMethod(Invoker.java:846)
                        	at org.testng.internal.Invoker.invokeTestMethods(Invoker.java:1170)
                        	at org.testng.internal.TestMethodWorker.invokeTestMethods(TestMethodWorker.java:125)
                        	at org.testng.internal.TestMethodWorker.run(TestMethodWorker.java:109)
                        	at org.testng.TestRunner.runWorkers(TestRunner.java:1147)
                        	at org.testng.TestRunner.privateRun(TestRunner.java:749)
                        	at org.testng.TestRunner.run(TestRunner.java:600)
                        	at org.testng.SuiteRunner.runTest(SuiteRunner.java:317)
                        	at org.testng.SuiteRunner.runSequentially(SuiteRunner.java:312)
                        	at org.testng.SuiteRunner.privateRun(SuiteRunner.java:274)
                        	at org.testng.SuiteRunner.run(SuiteRunner.java:223)
                        	at org.testng.SuiteRunnerWorker.runSuite(SuiteRunnerWorker.java:52)
                        	at org.testng.SuiteRunnerWorker.run(SuiteRunnerWorker.java:86)
                        	at org.testng.TestNG.runSuitesSequentially(TestNG.java:1039)
                        	at org.testng.TestNG.runSuitesSequentially(TestNG.java:1035)
                        	at org.testng.TestNG.runSuitesLocally(TestNG.java:964)
                        	at org.testng.TestNG.run(TestNG.java:900)
                        	at org.testng.TestNG.privateMain(TestNG.java:1182)
                        	at org.testng.TestNG.main(TestNG.java:1146)
                        
                        
                        
                        Failure 3 of 4:
                        java.lang.AssertionError: 
                        
                        Failure on page (title, link):
                        Archiv závěrečné práce Eva Kluková FF M-FI AJ /ff_m/
                        http://is.muni.cz/th/65075/ff_m/?lang=cs
                        
                        Additional information:
                        Verify that "css=h1#nadpis" contains "Archiv závěrečné práce Eva Lukáčová"
                        
                        expected:&lt;true&gt; but was:&lt;false&gt;
                        	at org.testng.Assert.fail(Assert.java:89)
                        	at org.testng.Assert.failNotEquals(Assert.java:480)
                        	at org.testng.Assert.assertTrue(Assert.java:37)
                        	at tests.TestBase.assertTrue(TestBase.java:232)
                        	at tests.TestBase.verifyTrue(TestBase.java:284)
                        	at tests.AgendaLide.checkRoleThesesSupervisor(AgendaLide.java:407)
                        	at sun.reflect.NativeMethodAccessorImpl.invoke0(Native Method)
                        	at sun.reflect.NativeMethodAccessorImpl.invoke(NativeMethodAccessorImpl.java:57)
                        	at sun.reflect.DelegatingMethodAccessorImpl.invoke(DelegatingMethodAccessorImpl.java:43)
                        	at java.lang.reflect.Method.invoke(Method.java:601)
                        	at org.testng.internal.MethodInvocationHelper.invokeMethod(MethodInvocationHelper.java:76)
                        	at org.testng.internal.Invoker.invokeMethod(Invoker.java:673)
                        	at org.testng.internal.Invoker.invokeTestMethod(Invoker.java:846)
                        	at org.testng.internal.Invoker.invokeTestMethods(Invoker.java:1170)
                        	at org.testng.internal.TestMethodWorker.invokeTestMethods(TestMethodWorker.java:125)
                        	at org.testng.internal.TestMethodWorker.run(TestMethodWorker.java:109)
                        	at org.testng.TestRunner.runWorkers(TestRunner.java:1147)
                        	at org.testng.TestRunner.privateRun(TestRunner.java:749)
                        	at org.testng.TestRunner.run(TestRunner.java:600)
                        	at org.testng.SuiteRunner.runTest(SuiteRunner.java:317)
                        	at org.testng.SuiteRunner.runSequentially(SuiteRunner.java:312)
                        	at org.testng.SuiteRunner.privateRun(SuiteRunner.java:274)
                        	at org.testng.SuiteRunner.run(SuiteRunner.java:223)
                        	at org.testng.SuiteRunnerWorker.runSuite(SuiteRunnerWorker.java:52)
                        	at org.testng.SuiteRunnerWorker.run(SuiteRunnerWorker.java:86)
                        	at org.testng.TestNG.runSuitesSequentially(TestNG.java:1039)
                        	at org.testng.TestNG.runSuitesSequentially(TestNG.java:1035)
                        	at org.testng.TestNG.runSuitesLocally(TestNG.java:964)
                        	at org.testng.TestNG.run(TestNG.java:900)
                        	at org.testng.TestNG.privateMain(TestNG.java:1182)
                        	at org.testng.TestNG.main(TestNG.java:1146)
                        
                        
                        
                        Failure 4 of 4:
                        java.lang.AssertionError: 
                        
                        Failure on page (title, link):
                        Archiv závěrečné práce Štěpánka Benešová FF M-FI AJ /ff_m/
                        http://is.muni.cz/th/15316/ff_m/?lang=cs
                        
                        Additional information:
                        Verify that "css=h1#nadpis" contains "Archiv závěrečné práce Štěpánka Dubinová"
                        
                        expected:&lt;true&gt; but was:&lt;false&gt;
                        	at org.testng.Assert.fail(Assert.java:89)
                        	at org.testng.Assert.failNotEquals(Assert.java:480)
                        	at org.testng.Assert.assertTrue(Assert.java:37)
                        	at tests.TestBase.assertTrue(TestBase.java:232)
                        	at tests.TestBase.verifyTrue(TestBase.java:284)
                        	at tests.AgendaLide.checkRoleThesesSupervisor(AgendaLide.java:407)
                        	at sun.reflect.NativeMethodAccessorImpl.invoke0(Native Method)
                        	at sun.reflect.NativeMethodAccessorImpl.invoke(NativeMethodAccessorImpl.java:57)
                        	at sun.reflect.DelegatingMethodAccessorImpl.invoke(DelegatingMethodAccessorImpl.java:43)
                        	at java.lang.reflect.Method.invoke(Method.java:601)
                        	at org.testng.internal.MethodInvocationHelper.invokeMethod(MethodInvocationHelper.java:76)
                        	at org.testng.internal.Invoker.invokeMethod(Invoker.java:673)
                        	at org.testng.internal.Invoker.invokeTestMethod(Invoker.java:846)
                        	at org.testng.internal.Invoker.invokeTestMethods(Invoker.java:1170)
                        	at org.testng.internal.TestMethodWorker.invokeTestMethods(TestMethodWorker.java:125)
                        	at org.testng.internal.TestMethodWorker.run(TestMethodWorker.java:109)
                        	at org.testng.TestRunner.runWorkers(TestRunner.java:1147)
                        	at org.testng.TestRunner.privateRun(TestRunner.java:749)
                        	at org.testng.TestRunner.run(TestRunner.java:600)
                        	at org.testng.SuiteRunner.runTest(SuiteRunner.java:317)
                        	at org.testng.SuiteRunner.runSequentially(SuiteRunner.java:312)
                        	at org.testng.SuiteRunner.privateRun(SuiteRunner.java:274)
                        	at org.testng.SuiteRunner.run(SuiteRunner.java:223)
                        	at org.testng.SuiteRunnerWorker.runSuite(SuiteRunnerWorker.java:52)
                        	at org.testng.SuiteRunnerWorker.run(SuiteRunnerWorker.java:86)
                        	at org.testng.TestNG.runSuitesSequentially(TestNG.java:1039)
                        	at org.testng.TestNG.runSuitesSequentially(TestNG.java:1035)
                        	at org.testng.TestNG.runSuitesLocally(TestNG.java:964)
                        	at org.testng.TestNG.run(TestNG.java:900)
                        	at org.testng.TestNG.privateMain(TestNG.java:1182)
                        	at org.testng.TestNG.main(TestNG.java:1146)
                     </pre>
                  </div>
               </td>
            </tr>
            <tr id="tests.AgendaLide_checkPublications_byStatus_failed_FAIL2_row"
                class="testMethodStatusFAIL">
               <td width="100%" class="firstMethodCell">
                  <a onclick="toggleDetailsVisibility('tests.AgendaLide_checkPublications_byStatus_failed_FAIL2_details')">checkPublications(tests.AgendaLide$PublicationsTabData@c4ff15
                     
                     ,
                     
                     File: .\data\publicationsTabData.xls
                     
                     ,
                     
                     Row: 3)
                  </a>
               </td>
               <td nowrap="true">20:47:07</td>
               <td nowrap="true" align="right">2m
                  43s
                  
               </td>
               <td nowrap="true">
                  <a onclick="toggleDetailsVisibility('tests.AgendaLide_checkPublications_byStatus_failed_FAIL2_exception')">java.lang.Throwable: 
                     Multiple failures (3):
                     
                     Failure 1 of 3:
                     java.lang.AssertionError: 
                     
                     Failure on page (title, link):
                     A central repository of publication results, implemented as a part of systems for revealing ...
                     https://is.muni.cz/publication/956090/cs?lang=cs
                     
                     Additional information:
                     Verify that "css=h1#nadpis" matches "A central repository of publication results, implemented as a part of systems for revealing
                     plagiarism"
                     
                     expected:&lt;A central repository of publication results, implemented as a part of systems for revealing plagiarism&gt; but was:&lt;A
                     central repository of publication results, implemented as a part of systems for revealing ...&gt;
                     	at org.testng.Assert.fail(Assert.java:89)
                     	at org.testng.Assert.failNotEquals(Assert.java:480)
                     	at org.testng.Assert.assertEquals(Assert.java:118)
                     	at tests.TestBase.assertEquals(TestBase.java:268)
                     	at tests.TestBase.verifyEquals(TestBase.java:332)
                     	at tests.AgendaLide.checkPublications(AgendaLide.java:523)
                     	at sun.reflect.NativeMethodAccessorImpl.invoke0(Native Method)
                     	at sun.reflect.NativeMethodAccessorImpl.invoke(NativeMethodAccessorImpl.java:57)
                     	at sun.reflect.DelegatingMethodAccessorImpl.invoke(DelegatingMethodAccessorImpl.java:43)
                     	at java.lang.reflect.Method.invoke(Method.java:601)
                     	at org.testng.internal.MethodInvocationHelper.invokeMethod(MethodInvocationHelper.java:76)
                     	at org.testng.internal.Invoker.invokeMethod(Invoker.java:673)
                     	at org.testng.internal.Invoker.invokeTestMethod(Invoker.java:846)
                     	at org.testng.internal.Invoker.invokeTestMethods(Invoker.java:1170)
                     	at org.testng.internal.TestMethodWorker.invokeTestMethods(TestMethodWorker.java:125)
                     	at org.testng.internal.TestMethodWorker.run(TestMethodWorker.java:109)
                     	at org.testng.TestRunner.runWorkers(TestRunner.java:1147)
                     	at org.testng.TestRunner.privateRun(TestRunner.java:749)
                     	at org.testng.TestRunner.run(TestRunner.java:600)
                     	at org.testng.SuiteRunner.runTest(SuiteRunner.java:317)
                     	at org.testng.SuiteRunner.runSequentially(SuiteRunner.java:312)
                     	at org.testng.SuiteRunner.privateRun(SuiteRunner.java:274)
                     	at org.testng.SuiteRunner.run(SuiteRunner.java:223)
                     	at org.testng.SuiteRunnerWorker.runSuite(SuiteRunnerWorker.java:52)
                     	at org.testng.SuiteRunnerWorker.run(SuiteRunnerWorker.java:86)
                     	at org.testng.TestNG.runSuitesSequentially(TestNG.java:1039)
                     	at org.testng.TestNG.runSuitesSequentially(TestNG.java:1035)
                     	at org.testng.TestNG.runSuitesLocally(TestNG.java:964)
                     	at org.testng.TestNG.run(TestNG.java:900)
                     	at org.testng.TestNG.privateMain(TestNG.java:1182)
                     	at org.testng.TestNG.main(TestNG.java:1146)
                     
                     
                     
                     Failure 2 of 3:
                     java.lang.AssertionError: 
                     
                     Failure on page (title, link):
                     E-learning 2.0, or Sharing Educational Contents and Specialized Knowledge by Means of Information ...
                     https://is.muni.cz/publication/868967/cs?lang=cs
                     
                     Additional information:
                     Verify that "css=h1#nadpis" matches "E-learning 2.0, or Sharing Educational Contents and Specialized Knowledge by Means of
                     Information System of Masaryk University (IS MU)"
                     
                     expected:&lt;E-learning 2.0, or Sharing Educational Contents and Specialized Knowledge by Means of Information System of Masaryk
                     University (IS MU)&gt; but was:&lt;E-learning 2.0, or Sharing Educational Contents and Specialized Knowledge by Means of Information
                     ...&gt;
                     	at org.testng.Assert.fail(Assert.java:89)
                     	at org.testng.Assert.failNotEquals(Assert.java:480)
                     	at org.testng.Assert.assertEquals(Assert.java:118)
                     	at tests.TestBase.assertEquals(TestBase.java:268)
                     	at tests.TestBase.verifyEquals(TestBase.java:332)
                     	at tests.AgendaLide.checkPublications(AgendaLide.java:523)
                     	at sun.reflect.NativeMethodAccessorImpl.invoke0(Native Method)
                     	at sun.reflect.NativeMethodAccessorImpl.invoke(NativeMethodAccessorImpl.java:57)
                     	at sun.reflect.DelegatingMethodAccessorImpl.invoke(DelegatingMethodAccessorImpl.java:43)
                     	at java.lang.reflect.Method.invoke(Method.java:601)
                     	at org.testng.internal.MethodInvocationHelper.invokeMethod(MethodInvocationHelper.java:76)
                     	at org.testng.internal.Invoker.invokeMethod(Invoker.java:673)
                     	at org.testng.internal.Invoker.invokeTestMethod(Invoker.java:846)
                     	at org.testng.internal.Invoker.invokeTestMethods(Invoker.java:1170)
                     	at org.testng.internal.TestMethodWorker.invokeTestMethods(TestMethodWorker.java:125)
                     	at org.testng.internal.TestMethodWorker.run(TestMethodWorker.java:109)
                     	at org.testng.TestRunner.runWorkers(TestRunner.java:1147)
                     	at org.testng.TestRunner.privateRun(TestRunner.java:749)
                     	at org.testng.TestRunner.run(TestRunner.java:600)
                     	at org.testng.SuiteRunner.runTest(SuiteRunner.java:317)
                     	at org.testng.SuiteRunner.runSequentially(SuiteRunner.java:312)
                     	at org.testng.SuiteRunner.privateRun(SuiteRunner.java:274)
                     	at org.testng.SuiteRunner.run(SuiteRunner.java:223)
                     	at org.testng.SuiteRunnerWorker.runSuite(SuiteRunnerWorker.java:52)
                     	at org.testng.SuiteRunnerWorker.run(SuiteRunnerWorker.java:86)
                     	at org.testng.TestNG.runSuitesSequentially(TestNG.java:1039)
                     	at org.testng.TestNG.runSuitesSequentially(TestNG.java:1035)
                     	at org.testng.TestNG.runSuitesLocally(TestNG.java:964)
                     	at org.testng.TestNG.run(TestNG.java:900)
                     	at org.testng.TestNG.privateMain(TestNG.java:1182)
                     	at org.testng.TestNG.main(TestNG.java:1146)
                     
                     
                     
                     Failure 3 of 3:
                     java.lang.AssertionError: 
                     
                     Failure on page (title, link):
                     Plošná inovace předmětů s využitím e-learningových nástrojů Informačního systému Masarykovy ...
                     https://is.muni.cz/publication/860042/cs?lang=cs
                     
                     Additional information:
                     Verify that "css=h1#nadpis" matches "Plošná inovace předmětů s využitím e-learningových nástrojů Informačního systému Masarykovy
                     univerzity (IS MU)"
                     
                     expected:&lt;Plošná inovace předmětů s využitím e-learningových nástrojů Informačního systému Masarykovy univerzity (IS MU)&gt;
                     but was:&lt;Plošná inovace předmětů s využitím e-learningových nástrojů Informačního systému Masarykovy ...&gt;
                     
                  </a>
                   
                  
               </td>
            </tr>
            <tr>
               <td colspan="4" class="detailsBox">
                  <div id="tests.AgendaLide_checkPublications_byStatus_failed_FAIL2_details"
                       class="testMethodDetails">
                     <div>
                        <b>Name: </b>checkPublications
                     </div>
                     <div>
                        <b>Description: </b>Checks specific person's publications.
                     </div>
                     <div>
                        <b>Signature: </b>checkPublications(tests.AgendaLide$PublicationsTabData, java.lang.String, java.lang.String)
                     </div>
                     <div>
                        <b>Parameters: </b>
                        
                        tests.AgendaLide$PublicationsTabData@c4ff15
                        
                        ,
                        
                        File: .\data\publicationsTabData.xls
                        
                        ,
                        
                        Row: 3
                        
                        
                     </div>
                     <div>
                        <b>Start time: </b>20:47:07
                     </div>
                     <div>
                        <b>End time: </b>20:48:50
                     </div>
                     <div>
                        <b>Duration: </b>2m
                        43s
                        
                     </div>
                  </div>
               </td>
            </tr>
            <tr>
               <td colspan="4" class="detailsBox">
                  <div id="tests.AgendaLide_checkPublications_byStatus_failed_FAIL2_exception"
                       class="testMethodDetails">
                     <pre style="padding: 5px; margin: 0;">java.lang.Throwable: Multiple failures (3):
                        
                        Failure 1 of 3:
                        java.lang.AssertionError: 
                        
                        Failure on page (title, link):
                        A central repository of publication results, implemented as a part of systems for revealing ...
                        https://is.muni.cz/publication/956090/cs?lang=cs
                        
                        Additional information:
                        Verify that "css=h1#nadpis" matches "A central repository of publication results, implemented as a part of systems for revealing
                        plagiarism"
                        
                        expected:&lt;A central repository of publication results, implemented as a part of systems for revealing plagiarism&gt; but was:&lt;A
                        central repository of publication results, implemented as a part of systems for revealing ...&gt;
                        	at org.testng.Assert.fail(Assert.java:89)
                        	at org.testng.Assert.failNotEquals(Assert.java:480)
                        	at org.testng.Assert.assertEquals(Assert.java:118)
                        	at tests.TestBase.assertEquals(TestBase.java:268)
                        	at tests.TestBase.verifyEquals(TestBase.java:332)
                        	at tests.AgendaLide.checkPublications(AgendaLide.java:523)
                        	at sun.reflect.NativeMethodAccessorImpl.invoke0(Native Method)
                        	at sun.reflect.NativeMethodAccessorImpl.invoke(NativeMethodAccessorImpl.java:57)
                        	at sun.reflect.DelegatingMethodAccessorImpl.invoke(DelegatingMethodAccessorImpl.java:43)
                        	at java.lang.reflect.Method.invoke(Method.java:601)
                        	at org.testng.internal.MethodInvocationHelper.invokeMethod(MethodInvocationHelper.java:76)
                        	at org.testng.internal.Invoker.invokeMethod(Invoker.java:673)
                        	at org.testng.internal.Invoker.invokeTestMethod(Invoker.java:846)
                        	at org.testng.internal.Invoker.invokeTestMethods(Invoker.java:1170)
                        	at org.testng.internal.TestMethodWorker.invokeTestMethods(TestMethodWorker.java:125)
                        	at org.testng.internal.TestMethodWorker.run(TestMethodWorker.java:109)
                        	at org.testng.TestRunner.runWorkers(TestRunner.java:1147)
                        	at org.testng.TestRunner.privateRun(TestRunner.java:749)
                        	at org.testng.TestRunner.run(TestRunner.java:600)
                        	at org.testng.SuiteRunner.runTest(SuiteRunner.java:317)
                        	at org.testng.SuiteRunner.runSequentially(SuiteRunner.java:312)
                        	at org.testng.SuiteRunner.privateRun(SuiteRunner.java:274)
                        	at org.testng.SuiteRunner.run(SuiteRunner.java:223)
                        	at org.testng.SuiteRunnerWorker.runSuite(SuiteRunnerWorker.java:52)
                        	at org.testng.SuiteRunnerWorker.run(SuiteRunnerWorker.java:86)
                        	at org.testng.TestNG.runSuitesSequentially(TestNG.java:1039)
                        	at org.testng.TestNG.runSuitesSequentially(TestNG.java:1035)
                        	at org.testng.TestNG.runSuitesLocally(TestNG.java:964)
                        	at org.testng.TestNG.run(TestNG.java:900)
                        	at org.testng.TestNG.privateMain(TestNG.java:1182)
                        	at org.testng.TestNG.main(TestNG.java:1146)
                        
                        
                        
                        Failure 2 of 3:
                        java.lang.AssertionError: 
                        
                        Failure on page (title, link):
                        E-learning 2.0, or Sharing Educational Contents and Specialized Knowledge by Means of Information ...
                        https://is.muni.cz/publication/868967/cs?lang=cs
                        
                        Additional information:
                        Verify that "css=h1#nadpis" matches "E-learning 2.0, or Sharing Educational Contents and Specialized Knowledge by Means of
                        Information System of Masaryk University (IS MU)"
                        
                        expected:&lt;E-learning 2.0, or Sharing Educational Contents and Specialized Knowledge by Means of Information System of Masaryk
                        University (IS MU)&gt; but was:&lt;E-learning 2.0, or Sharing Educational Contents and Specialized Knowledge by Means of Information
                        ...&gt;
                        	at org.testng.Assert.fail(Assert.java:89)
                        	at org.testng.Assert.failNotEquals(Assert.java:480)
                        	at org.testng.Assert.assertEquals(Assert.java:118)
                        	at tests.TestBase.assertEquals(TestBase.java:268)
                        	at tests.TestBase.verifyEquals(TestBase.java:332)
                        	at tests.AgendaLide.checkPublications(AgendaLide.java:523)
                        	at sun.reflect.NativeMethodAccessorImpl.invoke0(Native Method)
                        	at sun.reflect.NativeMethodAccessorImpl.invoke(NativeMethodAccessorImpl.java:57)
                        	at sun.reflect.DelegatingMethodAccessorImpl.invoke(DelegatingMethodAccessorImpl.java:43)
                        	at java.lang.reflect.Method.invoke(Method.java:601)
                        	at org.testng.internal.MethodInvocationHelper.invokeMethod(MethodInvocationHelper.java:76)
                        	at org.testng.internal.Invoker.invokeMethod(Invoker.java:673)
                        	at org.testng.internal.Invoker.invokeTestMethod(Invoker.java:846)
                        	at org.testng.internal.Invoker.invokeTestMethods(Invoker.java:1170)
                        	at org.testng.internal.TestMethodWorker.invokeTestMethods(TestMethodWorker.java:125)
                        	at org.testng.internal.TestMethodWorker.run(TestMethodWorker.java:109)
                        	at org.testng.TestRunner.runWorkers(TestRunner.java:1147)
                        	at org.testng.TestRunner.privateRun(TestRunner.java:749)
                        	at org.testng.TestRunner.run(TestRunner.java:600)
                        	at org.testng.SuiteRunner.runTest(SuiteRunner.java:317)
                        	at org.testng.SuiteRunner.runSequentially(SuiteRunner.java:312)
                        	at org.testng.SuiteRunner.privateRun(SuiteRunner.java:274)
                        	at org.testng.SuiteRunner.run(SuiteRunner.java:223)
                        	at org.testng.SuiteRunnerWorker.runSuite(SuiteRunnerWorker.java:52)
                        	at org.testng.SuiteRunnerWorker.run(SuiteRunnerWorker.java:86)
                        	at org.testng.TestNG.runSuitesSequentially(TestNG.java:1039)
                        	at org.testng.TestNG.runSuitesSequentially(TestNG.java:1035)
                        	at org.testng.TestNG.runSuitesLocally(TestNG.java:964)
                        	at org.testng.TestNG.run(TestNG.java:900)
                        	at org.testng.TestNG.privateMain(TestNG.java:1182)
                        	at org.testng.TestNG.main(TestNG.java:1146)
                        
                        
                        
                        Failure 3 of 3:
                        java.lang.AssertionError: 
                        
                        Failure on page (title, link):
                        Plošná inovace předmětů s využitím e-learningových nástrojů Informačního systému Masarykovy ...
                        https://is.muni.cz/publication/860042/cs?lang=cs
                        
                        Additional information:
                        Verify that "css=h1#nadpis" matches "Plošná inovace předmětů s využitím e-learningových nástrojů Informačního systému Masarykovy
                        univerzity (IS MU)"
                        
                        expected:&lt;Plošná inovace předmětů s využitím e-learningových nástrojů Informačního systému Masarykovy univerzity (IS MU)&gt;
                        but was:&lt;Plošná inovace předmětů s využitím e-learningových nástrojů Informačního systému Masarykovy ...&gt;
                        	at org.testng.Assert.fail(Assert.java:89)
                        	at org.testng.Assert.failNotEquals(Assert.java:480)
                        	at org.testng.Assert.assertEquals(Assert.java:118)
                        	at tests.TestBase.assertEquals(TestBase.java:268)
                        	at tests.TestBase.verifyEquals(TestBase.java:332)
                        	at tests.AgendaLide.checkPublications(AgendaLide.java:523)
                        	at sun.reflect.NativeMethodAccessorImpl.invoke0(Native Method)
                        	at sun.reflect.NativeMethodAccessorImpl.invoke(NativeMethodAccessorImpl.java:57)
                        	at sun.reflect.DelegatingMethodAccessorImpl.invoke(DelegatingMethodAccessorImpl.java:43)
                        	at java.lang.reflect.Method.invoke(Method.java:601)
                        	at org.testng.internal.MethodInvocationHelper.invokeMethod(MethodInvocationHelper.java:76)
                        	at org.testng.internal.Invoker.invokeMethod(Invoker.java:673)
                        	at org.testng.internal.Invoker.invokeTestMethod(Invoker.java:846)
                        	at org.testng.internal.Invoker.invokeTestMethods(Invoker.java:1170)
                        	at org.testng.internal.TestMethodWorker.invokeTestMethods(TestMethodWorker.java:125)
                        	at org.testng.internal.TestMethodWorker.run(TestMethodWorker.java:109)
                        	at org.testng.TestRunner.runWorkers(TestRunner.java:1147)
                        	at org.testng.TestRunner.privateRun(TestRunner.java:749)
                        	at org.testng.TestRunner.run(TestRunner.java:600)
                        	at org.testng.SuiteRunner.runTest(SuiteRunner.java:317)
                        	at org.testng.SuiteRunner.runSequentially(SuiteRunner.java:312)
                        	at org.testng.SuiteRunner.privateRun(SuiteRunner.java:274)
                        	at org.testng.SuiteRunner.run(SuiteRunner.java:223)
                        	at org.testng.SuiteRunnerWorker.runSuite(SuiteRunnerWorker.java:52)
                        	at org.testng.SuiteRunnerWorker.run(SuiteRunnerWorker.java:86)
                        	at org.testng.TestNG.runSuitesSequentially(TestNG.java:1039)
                        	at org.testng.TestNG.runSuitesSequentially(TestNG.java:1035)
                        	at org.testng.TestNG.runSuitesLocally(TestNG.java:964)
                        	at org.testng.TestNG.run(TestNG.java:900)
                        	at org.testng.TestNG.privateMain(TestNG.java:1182)
                        	at org.testng.TestNG.main(TestNG.java:1146)
                     </pre>
                  </div>
               </td>
            </tr>
            <tr id="tests.AgendaLide_checkRoleDoctoralStudents_byStatus_passed_PASS1_row"
                class="testMethodStatusPASS">
               <td width="100%" class="firstMethodCell">
                  <a onclick="toggleDetailsVisibility('tests.AgendaLide_checkRoleDoctoralStudents_byStatus_passed_PASS1_details')">checkRoleDoctoralStudents(tests.AgendaLide$SupervisorTabData@f0be2c
                     
                     ,
                     
                     File: .\data\supervisorTabData.xls
                     
                     ,
                     
                     Row: 2)
                  </a>
               </td>
               <td nowrap="true">20:38:45</td>
               <td nowrap="true" align="right">0 ms
                  
               </td>
               <td nowrap="true">
                   
                  
               </td>
            </tr>
            <tr>
               <td colspan="4" class="detailsBox">
                  <div id="tests.AgendaLide_checkRoleDoctoralStudents_byStatus_passed_PASS1_details"
                       class="testMethodDetails">
                     <div>
                        <b>Name: </b>checkRoleDoctoralStudents
                     </div>
                     <div>
                        <b>Description: </b>Checks name and topic for block of information: Doctoral students.
                     </div>
                     <div>
                        <b>Signature: </b>checkRoleDoctoralStudents(tests.AgendaLide$SupervisorTabData, java.lang.String, java.lang.String)
                     </div>
                     <div>
                        <b>Parameters: </b>
                        
                        tests.AgendaLide$SupervisorTabData@f0be2c
                        
                        ,
                        
                        File: .\data\supervisorTabData.xls
                        
                        ,
                        
                        Row: 2
                        
                        
                     </div>
                     <div>
                        <b>Start time: </b>20:38:45
                     </div>
                     <div>
                        <b>End time: </b>20:38:45
                     </div>
                     <div>
                        <b>Duration: </b>0 ms
                        
                     </div>
                  </div>
               </td>
            </tr>
            <tr></tr>
            <tr id="tests.AgendaLide_checkRoleDoctoralStudents_byStatus_passed_PASS2_row"
                class="testMethodStatusPASS">
               <td width="100%" class="firstMethodCell">
                  <a onclick="toggleDetailsVisibility('tests.AgendaLide_checkRoleDoctoralStudents_byStatus_passed_PASS2_details')">checkRoleDoctoralStudents(tests.AgendaLide$SupervisorTabData@1553b2f
                     
                     ,
                     
                     File: .\data\supervisorTabData.xls
                     
                     ,
                     
                     Row: 3)
                  </a>
               </td>
               <td nowrap="true">20:38:45</td>
               <td nowrap="true" align="right">12s
                  
               </td>
               <td nowrap="true">
                   
                  
               </td>
            </tr>
            <tr>
               <td colspan="4" class="detailsBox">
                  <div id="tests.AgendaLide_checkRoleDoctoralStudents_byStatus_passed_PASS2_details"
                       class="testMethodDetails">
                     <div>
                        <b>Name: </b>checkRoleDoctoralStudents
                     </div>
                     <div>
                        <b>Description: </b>Checks name and topic for block of information: Doctoral students.
                     </div>
                     <div>
                        <b>Signature: </b>checkRoleDoctoralStudents(tests.AgendaLide$SupervisorTabData, java.lang.String, java.lang.String)
                     </div>
                     <div>
                        <b>Parameters: </b>
                        
                        tests.AgendaLide$SupervisorTabData@1553b2f
                        
                        ,
                        
                        File: .\data\supervisorTabData.xls
                        
                        ,
                        
                        Row: 3
                        
                        
                     </div>
                     <div>
                        <b>Start time: </b>20:38:45
                     </div>
                     <div>
                        <b>End time: </b>20:38:56
                     </div>
                     <div>
                        <b>Duration: </b>12s
                        
                     </div>
                  </div>
               </td>
            </tr>
            <tr></tr>
            <tr id="tests.AgendaLide_checkRoleDoctoralStudents_byStatus_passed_PASS3_row"
                class="testMethodStatusPASS">
               <td width="100%" class="firstMethodCell">
                  <a onclick="toggleDetailsVisibility('tests.AgendaLide_checkRoleDoctoralStudents_byStatus_passed_PASS3_details')">checkRoleDoctoralStudents(tests.AgendaLide$SupervisorTabData@b6e2fe
                     
                     ,
                     
                     File: .\data\supervisorTabData.xls
                     
                     ,
                     
                     Row: 1)
                  </a>
               </td>
               <td nowrap="true">20:38:45</td>
               <td nowrap="true" align="right">0 ms
                  
               </td>
               <td nowrap="true">
                   
                  
               </td>
            </tr>
            <tr>
               <td colspan="4" class="detailsBox">
                  <div id="tests.AgendaLide_checkRoleDoctoralStudents_byStatus_passed_PASS3_details"
                       class="testMethodDetails">
                     <div>
                        <b>Name: </b>checkRoleDoctoralStudents
                     </div>
                     <div>
                        <b>Description: </b>Checks name and topic for block of information: Doctoral students.
                     </div>
                     <div>
                        <b>Signature: </b>checkRoleDoctoralStudents(tests.AgendaLide$SupervisorTabData, java.lang.String, java.lang.String)
                     </div>
                     <div>
                        <b>Parameters: </b>
                        
                        tests.AgendaLide$SupervisorTabData@b6e2fe
                        
                        ,
                        
                        File: .\data\supervisorTabData.xls
                        
                        ,
                        
                        Row: 1
                        
                        
                     </div>
                     <div>
                        <b>Start time: </b>20:38:45
                     </div>
                     <div>
                        <b>End time: </b>20:38:45
                     </div>
                     <div>
                        <b>Duration: </b>0 ms
                        
                     </div>
                  </div>
               </td>
            </tr>
            <tr></tr>
            <tr id="tests.AgendaLide_checkRoleDoctoralConsultant_byStatus_passed_PASS4_row"
                class="testMethodStatusPASS">
               <td width="100%" class="firstMethodCell">
                  <a onclick="toggleDetailsVisibility('tests.AgendaLide_checkRoleDoctoralConsultant_byStatus_passed_PASS4_details')">checkRoleDoctoralConsultant(tests.AgendaLide$SupervisorTabData@37f84c
                     
                     ,
                     
                     File: .\data\supervisorTabData.xls
                     
                     ,
                     
                     Row: 2)
                  </a>
               </td>
               <td nowrap="true">20:38:56</td>
               <td nowrap="true" align="right">0 ms
                  
               </td>
               <td nowrap="true">
                   
                  
               </td>
            </tr>
            <tr>
               <td colspan="4" class="detailsBox">
                  <div id="tests.AgendaLide_checkRoleDoctoralConsultant_byStatus_passed_PASS4_details"
                       class="testMethodDetails">
                     <div>
                        <b>Name: </b>checkRoleDoctoralConsultant
                     </div>
                     <div>
                        <b>Description: </b>Checks name and topic for block of information: Doctoral students' consultant.
                     </div>
                     <div>
                        <b>Signature: </b>checkRoleDoctoralConsultant(tests.AgendaLide$SupervisorTabData, java.lang.String, java.lang.String)
                     </div>
                     <div>
                        <b>Parameters: </b>
                        
                        tests.AgendaLide$SupervisorTabData@37f84c
                        
                        ,
                        
                        File: .\data\supervisorTabData.xls
                        
                        ,
                        
                        Row: 2
                        
                        
                     </div>
                     <div>
                        <b>Start time: </b>20:38:56
                     </div>
                     <div>
                        <b>End time: </b>20:38:56
                     </div>
                     <div>
                        <b>Duration: </b>0 ms
                        
                     </div>
                  </div>
               </td>
            </tr>
            <tr></tr>
            <tr id="tests.AgendaLide_checkRoleDoctoralConsultant_byStatus_passed_PASS5_row"
                class="testMethodStatusPASS">
               <td width="100%" class="firstMethodCell">
                  <a onclick="toggleDetailsVisibility('tests.AgendaLide_checkRoleDoctoralConsultant_byStatus_passed_PASS5_details')">checkRoleDoctoralConsultant(tests.AgendaLide$SupervisorTabData@23a27
                     
                     ,
                     
                     File: .\data\supervisorTabData.xls
                     
                     ,
                     
                     Row: 1)
                  </a>
               </td>
               <td nowrap="true">20:38:56</td>
               <td nowrap="true" align="right">0 ms
                  
               </td>
               <td nowrap="true">
                   
                  
               </td>
            </tr>
            <tr>
               <td colspan="4" class="detailsBox">
                  <div id="tests.AgendaLide_checkRoleDoctoralConsultant_byStatus_passed_PASS5_details"
                       class="testMethodDetails">
                     <div>
                        <b>Name: </b>checkRoleDoctoralConsultant
                     </div>
                     <div>
                        <b>Description: </b>Checks name and topic for block of information: Doctoral students' consultant.
                     </div>
                     <div>
                        <b>Signature: </b>checkRoleDoctoralConsultant(tests.AgendaLide$SupervisorTabData, java.lang.String, java.lang.String)
                     </div>
                     <div>
                        <b>Parameters: </b>
                        
                        tests.AgendaLide$SupervisorTabData@23a27
                        
                        ,
                        
                        File: .\data\supervisorTabData.xls
                        
                        ,
                        
                        Row: 1
                        
                        
                     </div>
                     <div>
                        <b>Start time: </b>20:38:56
                     </div>
                     <div>
                        <b>End time: </b>20:38:56
                     </div>
                     <div>
                        <b>Duration: </b>0 ms
                        
                     </div>
                  </div>
               </td>
            </tr>
            <tr></tr>
            <tr id="tests.AgendaLide_checkRoleDoctoralConsultant_byStatus_passed_PASS6_row"
                class="testMethodStatusPASS">
               <td width="100%" class="firstMethodCell">
                  <a onclick="toggleDetailsVisibility('tests.AgendaLide_checkRoleDoctoralConsultant_byStatus_passed_PASS6_details')">checkRoleDoctoralConsultant(tests.AgendaLide$SupervisorTabData@8e561a
                     
                     ,
                     
                     File: .\data\supervisorTabData.xls
                     
                     ,
                     
                     Row: 3)
                  </a>
               </td>
               <td nowrap="true">20:38:56</td>
               <td nowrap="true" align="right">0 ms
                  
               </td>
               <td nowrap="true">
                   
                  
               </td>
            </tr>
            <tr>
               <td colspan="4" class="detailsBox">
                  <div id="tests.AgendaLide_checkRoleDoctoralConsultant_byStatus_passed_PASS6_details"
                       class="testMethodDetails">
                     <div>
                        <b>Name: </b>checkRoleDoctoralConsultant
                     </div>
                     <div>
                        <b>Description: </b>Checks name and topic for block of information: Doctoral students' consultant.
                     </div>
                     <div>
                        <b>Signature: </b>checkRoleDoctoralConsultant(tests.AgendaLide$SupervisorTabData, java.lang.String, java.lang.String)
                     </div>
                     <div>
                        <b>Parameters: </b>
                        
                        tests.AgendaLide$SupervisorTabData@8e561a
                        
                        ,
                        
                        File: .\data\supervisorTabData.xls
                        
                        ,
                        
                        Row: 3
                        
                        
                     </div>
                     <div>
                        <b>Start time: </b>20:38:56
                     </div>
                     <div>
                        <b>End time: </b>20:38:56
                     </div>
                     <div>
                        <b>Duration: </b>0 ms
                        
                     </div>
                  </div>
               </td>
            </tr>
            <tr></tr>
            <tr id="tests.AgendaLide_checkRoleThesesSupervisor_byStatus_passed_PASS7_row"
                class="testMethodStatusPASS">
               <td width="100%" class="firstMethodCell">
                  <a onclick="toggleDetailsVisibility('tests.AgendaLide_checkRoleThesesSupervisor_byStatus_passed_PASS7_details')">checkRoleThesesSupervisor(tests.AgendaLide$SupervisorTabData@11e48e1
                     
                     ,
                     
                     File: .\data\supervisorTabData.xls
                     
                     ,
                     
                     Row: 1)
                  </a>
               </td>
               <td nowrap="true">20:38:56</td>
               <td nowrap="true" align="right">30s
                  
               </td>
               <td nowrap="true">
                   
                  
               </td>
            </tr>
            <tr>
               <td colspan="4" class="detailsBox">
                  <div id="tests.AgendaLide_checkRoleThesesSupervisor_byStatus_passed_PASS7_details"
                       class="testMethodDetails">
                     <div>
                        <b>Name: </b>checkRoleThesesSupervisor
                     </div>
                     <div>
                        <b>Description: </b>Checks name and topic for block of information: Theses - Supervisor.
                     </div>
                     <div>
                        <b>Signature: </b>checkRoleThesesSupervisor(tests.AgendaLide$SupervisorTabData, java.lang.String, java.lang.String)
                     </div>
                     <div>
                        <b>Parameters: </b>
                        
                        tests.AgendaLide$SupervisorTabData@11e48e1
                        
                        ,
                        
                        File: .\data\supervisorTabData.xls
                        
                        ,
                        
                        Row: 1
                        
                        
                     </div>
                     <div>
                        <b>Start time: </b>20:38:56
                     </div>
                     <div>
                        <b>End time: </b>20:39:26
                     </div>
                     <div>
                        <b>Duration: </b>30s
                        
                     </div>
                  </div>
               </td>
            </tr>
            <tr></tr>
            <tr id="tests.AgendaLide_checkRoleThesesSupervisor_byStatus_passed_PASS8_row"
                class="testMethodStatusPASS">
               <td width="100%" class="firstMethodCell">
                  <a onclick="toggleDetailsVisibility('tests.AgendaLide_checkRoleThesesSupervisor_byStatus_passed_PASS8_details')">checkRoleThesesSupervisor(tests.AgendaLide$SupervisorTabData@142c0de
                     
                     ,
                     
                     File: .\data\supervisorTabData.xls
                     
                     ,
                     
                     Row: 2)
                  </a>
               </td>
               <td nowrap="true">20:39:26</td>
               <td nowrap="true" align="right">11s
                  
               </td>
               <td nowrap="true">
                   
                  
               </td>
            </tr>
            <tr>
               <td colspan="4" class="detailsBox">
                  <div id="tests.AgendaLide_checkRoleThesesSupervisor_byStatus_passed_PASS8_details"
                       class="testMethodDetails">
                     <div>
                        <b>Name: </b>checkRoleThesesSupervisor
                     </div>
                     <div>
                        <b>Description: </b>Checks name and topic for block of information: Theses - Supervisor.
                     </div>
                     <div>
                        <b>Signature: </b>checkRoleThesesSupervisor(tests.AgendaLide$SupervisorTabData, java.lang.String, java.lang.String)
                     </div>
                     <div>
                        <b>Parameters: </b>
                        
                        tests.AgendaLide$SupervisorTabData@142c0de
                        
                        ,
                        
                        File: .\data\supervisorTabData.xls
                        
                        ,
                        
                        Row: 2
                        
                        
                     </div>
                     <div>
                        <b>Start time: </b>20:39:26
                     </div>
                     <div>
                        <b>End time: </b>20:39:37
                     </div>
                     <div>
                        <b>Duration: </b>11s
                        
                     </div>
                  </div>
               </td>
            </tr>
            <tr></tr>
            <tr id="tests.AgendaLide_checkRoleThesesReader_byStatus_passed_PASS9_row"
                class="testMethodStatusPASS">
               <td width="100%" class="firstMethodCell">
                  <a onclick="toggleDetailsVisibility('tests.AgendaLide_checkRoleThesesReader_byStatus_passed_PASS9_details')">checkRoleThesesReader(tests.AgendaLide$SupervisorTabData@a0aa1e
                     
                     ,
                     
                     File: .\data\supervisorTabData.xls
                     
                     ,
                     
                     Row: 1)
                  </a>
               </td>
               <td nowrap="true">20:43:23</td>
               <td nowrap="true" align="right">29s
                  
               </td>
               <td nowrap="true">
                   
                  
               </td>
            </tr>
            <tr>
               <td colspan="4" class="detailsBox">
                  <div id="tests.AgendaLide_checkRoleThesesReader_byStatus_passed_PASS9_details"
                       class="testMethodDetails">
                     <div>
                        <b>Name: </b>checkRoleThesesReader
                     </div>
                     <div>
                        <b>Description: </b>Checks name and topic for block of information: Theses - Reader.
                     </div>
                     <div>
                        <b>Signature: </b>checkRoleThesesReader(tests.AgendaLide$SupervisorTabData, java.lang.String, java.lang.String)
                     </div>
                     <div>
                        <b>Parameters: </b>
                        
                        tests.AgendaLide$SupervisorTabData@a0aa1e
                        
                        ,
                        
                        File: .\data\supervisorTabData.xls
                        
                        ,
                        
                        Row: 1
                        
                        
                     </div>
                     <div>
                        <b>Start time: </b>20:43:23
                     </div>
                     <div>
                        <b>End time: </b>20:43:52
                     </div>
                     <div>
                        <b>Duration: </b>29s
                        
                     </div>
                  </div>
               </td>
            </tr>
            <tr></tr>
            <tr id="tests.AgendaLide_checkRoleThesesReader_byStatus_passed_PASS10_row"
                class="testMethodStatusPASS">
               <td width="100%" class="firstMethodCell">
                  <a onclick="toggleDetailsVisibility('tests.AgendaLide_checkRoleThesesReader_byStatus_passed_PASS10_details')">checkRoleThesesReader(tests.AgendaLide$SupervisorTabData@ab61
                     
                     ,
                     
                     File: .\data\supervisorTabData.xls
                     
                     ,
                     
                     Row: 2)
                  </a>
               </td>
               <td nowrap="true">20:43:52</td>
               <td nowrap="true" align="right">2m
                  33s
                  
               </td>
               <td nowrap="true">
                   
                  
               </td>
            </tr>
            <tr>
               <td colspan="4" class="detailsBox">
                  <div id="tests.AgendaLide_checkRoleThesesReader_byStatus_passed_PASS10_details"
                       class="testMethodDetails">
                     <div>
                        <b>Name: </b>checkRoleThesesReader
                     </div>
                     <div>
                        <b>Description: </b>Checks name and topic for block of information: Theses - Reader.
                     </div>
                     <div>
                        <b>Signature: </b>checkRoleThesesReader(tests.AgendaLide$SupervisorTabData, java.lang.String, java.lang.String)
                     </div>
                     <div>
                        <b>Parameters: </b>
                        
                        tests.AgendaLide$SupervisorTabData@ab61
                        
                        ,
                        
                        File: .\data\supervisorTabData.xls
                        
                        ,
                        
                        Row: 2
                        
                        
                     </div>
                     <div>
                        <b>Start time: </b>20:43:52
                     </div>
                     <div>
                        <b>End time: </b>20:45:26
                     </div>
                     <div>
                        <b>Duration: </b>2m
                        33s
                        
                     </div>
                  </div>
               </td>
            </tr>
            <tr></tr>
            <tr id="tests.AgendaLide_checkRoleThesesReader_byStatus_passed_PASS11_row"
                class="testMethodStatusPASS">
               <td width="100%" class="firstMethodCell">
                  <a onclick="toggleDetailsVisibility('tests.AgendaLide_checkRoleThesesReader_byStatus_passed_PASS11_details')">checkRoleThesesReader(tests.AgendaLide$SupervisorTabData@1f3ade7
                     
                     ,
                     
                     File: .\data\supervisorTabData.xls
                     
                     ,
                     
                     Row: 3)
                  </a>
               </td>
               <td nowrap="true">20:45:26</td>
               <td nowrap="true" align="right">19s
                  
               </td>
               <td nowrap="true">
                   
                  
               </td>
            </tr>
            <tr>
               <td colspan="4" class="detailsBox">
                  <div id="tests.AgendaLide_checkRoleThesesReader_byStatus_passed_PASS11_details"
                       class="testMethodDetails">
                     <div>
                        <b>Name: </b>checkRoleThesesReader
                     </div>
                     <div>
                        <b>Description: </b>Checks name and topic for block of information: Theses - Reader.
                     </div>
                     <div>
                        <b>Signature: </b>checkRoleThesesReader(tests.AgendaLide$SupervisorTabData, java.lang.String, java.lang.String)
                     </div>
                     <div>
                        <b>Parameters: </b>
                        
                        tests.AgendaLide$SupervisorTabData@1f3ade7
                        
                        ,
                        
                        File: .\data\supervisorTabData.xls
                        
                        ,
                        
                        Row: 3
                        
                        
                     </div>
                     <div>
                        <b>Start time: </b>20:45:26
                     </div>
                     <div>
                        <b>End time: </b>20:45:45
                     </div>
                     <div>
                        <b>Duration: </b>19s
                        
                     </div>
                  </div>
               </td>
            </tr>
            <tr></tr>
            <tr id="tests.AgendaLide_startSelenium_byStatus_passed_PASS12_row"
                class="testMethodStatusPASS testMethodStatusCONF">
               <td width="100%" class="firstMethodCell">
                  <a onclick="toggleDetailsVisibility('tests.AgendaLide_startSelenium_byStatus_passed_PASS12_details')">startSelenium(org.testng.TestRunner@4a60d7)</a>
               </td>
               <td nowrap="true">20:38:41</td>
               <td nowrap="true" align="right">4s
                  
               </td>
               <td nowrap="true">
                   
                  
               </td>
            </tr>
            <tr>
               <td colspan="4" class="detailsBox">
                  <div id="tests.AgendaLide_startSelenium_byStatus_passed_PASS12_details"
                       class="testMethodDetails">
                     <div>
                        <b>Name: </b>startSelenium
                     </div>
                     <div>
                        <b>Signature: </b>startSelenium(org.testng.ITestContext)
                     </div>
                     <div>
                        <b>Parameters: </b>
                        
                        org.testng.TestRunner@4a60d7
                        
                        
                     </div>
                     <div>
                        <b>Start time: </b>20:38:41
                     </div>
                     <div>
                        <b>End time: </b>20:38:44
                     </div>
                     <div>
                        <b>Duration: </b>4s
                        
                     </div>
                  </div>
               </td>
            </tr>
            <tr></tr>
            <tr id="tests.AgendaLide_checkPublications_byStatus_passed_PASS13_row"
                class="testMethodStatusPASS">
               <td width="100%" class="firstMethodCell">
                  <a onclick="toggleDetailsVisibility('tests.AgendaLide_checkPublications_byStatus_passed_PASS13_details')">checkPublications(tests.AgendaLide$PublicationsTabData@28f3c7
                     
                     ,
                     
                     File: .\data\publicationsTabData.xls
                     
                     ,
                     
                     Row: 1)
                  </a>
               </td>
               <td nowrap="true">20:45:45</td>
               <td nowrap="true" align="right">57s
                  
               </td>
               <td nowrap="true">
                   
                  
               </td>
            </tr>
            <tr>
               <td colspan="4" class="detailsBox">
                  <div id="tests.AgendaLide_checkPublications_byStatus_passed_PASS13_details"
                       class="testMethodDetails">
                     <div>
                        <b>Name: </b>checkPublications
                     </div>
                     <div>
                        <b>Description: </b>Checks specific person's publications.
                     </div>
                     <div>
                        <b>Signature: </b>checkPublications(tests.AgendaLide$PublicationsTabData, java.lang.String, java.lang.String)
                     </div>
                     <div>
                        <b>Parameters: </b>
                        
                        tests.AgendaLide$PublicationsTabData@28f3c7
                        
                        ,
                        
                        File: .\data\publicationsTabData.xls
                        
                        ,
                        
                        Row: 1
                        
                        
                     </div>
                     <div>
                        <b>Start time: </b>20:45:45
                     </div>
                     <div>
                        <b>End time: </b>20:46:42
                     </div>
                     <div>
                        <b>Duration: </b>57s
                        
                     </div>
                  </div>
               </td>
            </tr>
            <tr></tr>
            <tr id="tests.AgendaLide_checkPublications_byStatus_passed_PASS14_row"
                class="testMethodStatusPASS">
               <td width="100%" class="firstMethodCell">
                  <a onclick="toggleDetailsVisibility('tests.AgendaLide_checkPublications_byStatus_passed_PASS14_details')">checkPublications(tests.AgendaLide$PublicationsTabData@9ca370
                     
                     ,
                     
                     File: .\data\publicationsTabData.xls
                     
                     ,
                     
                     Row: 2)
                  </a>
               </td>
               <td nowrap="true">20:46:42</td>
               <td nowrap="true" align="right">25s
                  
               </td>
               <td nowrap="true">
                   
                  
               </td>
            </tr>
            <tr>
               <td colspan="4" class="detailsBox">
                  <div id="tests.AgendaLide_checkPublications_byStatus_passed_PASS14_details"
                       class="testMethodDetails">
                     <div>
                        <b>Name: </b>checkPublications
                     </div>
                     <div>
                        <b>Description: </b>Checks specific person's publications.
                     </div>
                     <div>
                        <b>Signature: </b>checkPublications(tests.AgendaLide$PublicationsTabData, java.lang.String, java.lang.String)
                     </div>
                     <div>
                        <b>Parameters: </b>
                        
                        tests.AgendaLide$PublicationsTabData@9ca370
                        
                        ,
                        
                        File: .\data\publicationsTabData.xls
                        
                        ,
                        
                        Row: 2
                        
                        
                     </div>
                     <div>
                        <b>Start time: </b>20:46:42
                     </div>
                     <div>
                        <b>End time: </b>20:47:07
                     </div>
                     <div>
                        <b>Duration: </b>25s
                        
                     </div>
                  </div>
               </td>
            </tr>
            <tr></tr>
            <tr id="tests.AgendaLide_stopSelenium_byStatus_passed_PASS15_row"
                class="testMethodStatusPASS testMethodStatusCONF">
               <td width="100%" class="firstMethodCell">
                  <a onclick="toggleDetailsVisibility('tests.AgendaLide_stopSelenium_byStatus_passed_PASS15_details')">stopSelenium()</a>
               </td>
               <td nowrap="true">20:48:50</td>
               <td nowrap="true" align="right">609 ms
                  
               </td>
               <td nowrap="true">
                   
                  
               </td>
            </tr>
            <tr>
               <td colspan="4" class="detailsBox">
                  <div id="tests.AgendaLide_stopSelenium_byStatus_passed_PASS15_details"
                       class="testMethodDetails">
                     <div>
                        <b>Name: </b>stopSelenium
                     </div>
                     <div>
                        <b>Signature: </b>stopSelenium()
                     </div>
                     <div>
                        <b>Start time: </b>20:48:50
                     </div>
                     <div>
                        <b>End time: </b>20:48:50
                     </div>
                     <div>
                        <b>Duration: </b>609 ms
                        
                     </div>
                  </div>
               </td>
            </tr>
            <tr></tr>
         </table>
      </div>
      <div id="testMethodsByClass">
         <table class="testMethodsTable" cellpadding="0" cellspacing="0">
            <tr>
               <td colspan="4">
                  <h3 style="display: inline;">tests.AgendaLide</h3>
               </td>
            </tr>
            <tr class="methodsTableHeader">
               <td width="100%">Name</td>
               <td nowrap="true">Started</td>
               <td nowrap="true">Duration</td>
               <td>Exception</td>
            </tr>
            <tr id="tests.AgendaLide_checkRoleDoctoralStudents_byClass_PASS1_row"
                class="testMethodStatusPASS">
               <td width="100%" class="firstMethodCell">
                  <a onclick="toggleDetailsVisibility('tests.AgendaLide_checkRoleDoctoralStudents_byClass_PASS1_details')">checkRoleDoctoralStudents(tests.AgendaLide$SupervisorTabData@f0be2c
                     
                     ,
                     
                     File: .\data\supervisorTabData.xls
                     
                     ,
                     
                     Row: 2)
                  </a>
               </td>
               <td nowrap="true">20:38:45</td>
               <td nowrap="true" align="right">0 ms
                  
               </td>
               <td nowrap="true">
                   
                  
               </td>
            </tr>
            <tr>
               <td colspan="4" class="detailsBox">
                  <div id="tests.AgendaLide_checkRoleDoctoralStudents_byClass_PASS1_details"
                       class="testMethodDetails">
                     <div>
                        <b>Name: </b>checkRoleDoctoralStudents
                     </div>
                     <div>
                        <b>Description: </b>Checks name and topic for block of information: Doctoral students.
                     </div>
                     <div>
                        <b>Signature: </b>checkRoleDoctoralStudents(tests.AgendaLide$SupervisorTabData, java.lang.String, java.lang.String)
                     </div>
                     <div>
                        <b>Parameters: </b>
                        
                        tests.AgendaLide$SupervisorTabData@f0be2c
                        
                        ,
                        
                        File: .\data\supervisorTabData.xls
                        
                        ,
                        
                        Row: 2
                        
                        
                     </div>
                     <div>
                        <b>Start time: </b>20:38:45
                     </div>
                     <div>
                        <b>End time: </b>20:38:45
                     </div>
                     <div>
                        <b>Duration: </b>0 ms
                        
                     </div>
                  </div>
               </td>
            </tr>
            <tr></tr>
            <tr id="tests.AgendaLide_checkRoleDoctoralStudents_byClass_PASS2_row"
                class="testMethodStatusPASS">
               <td width="100%" class="firstMethodCell">
                  <a onclick="toggleDetailsVisibility('tests.AgendaLide_checkRoleDoctoralStudents_byClass_PASS2_details')">checkRoleDoctoralStudents(tests.AgendaLide$SupervisorTabData@1553b2f
                     
                     ,
                     
                     File: .\data\supervisorTabData.xls
                     
                     ,
                     
                     Row: 3)
                  </a>
               </td>
               <td nowrap="true">20:38:45</td>
               <td nowrap="true" align="right">12s
                  
               </td>
               <td nowrap="true">
                   
                  
               </td>
            </tr>
            <tr>
               <td colspan="4" class="detailsBox">
                  <div id="tests.AgendaLide_checkRoleDoctoralStudents_byClass_PASS2_details"
                       class="testMethodDetails">
                     <div>
                        <b>Name: </b>checkRoleDoctoralStudents
                     </div>
                     <div>
                        <b>Description: </b>Checks name and topic for block of information: Doctoral students.
                     </div>
                     <div>
                        <b>Signature: </b>checkRoleDoctoralStudents(tests.AgendaLide$SupervisorTabData, java.lang.String, java.lang.String)
                     </div>
                     <div>
                        <b>Parameters: </b>
                        
                        tests.AgendaLide$SupervisorTabData@1553b2f
                        
                        ,
                        
                        File: .\data\supervisorTabData.xls
                        
                        ,
                        
                        Row: 3
                        
                        
                     </div>
                     <div>
                        <b>Start time: </b>20:38:45
                     </div>
                     <div>
                        <b>End time: </b>20:38:56
                     </div>
                     <div>
                        <b>Duration: </b>12s
                        
                     </div>
                  </div>
               </td>
            </tr>
            <tr></tr>
            <tr id="tests.AgendaLide_checkRoleDoctoralStudents_byClass_PASS3_row"
                class="testMethodStatusPASS">
               <td width="100%" class="firstMethodCell">
                  <a onclick="toggleDetailsVisibility('tests.AgendaLide_checkRoleDoctoralStudents_byClass_PASS3_details')">checkRoleDoctoralStudents(tests.AgendaLide$SupervisorTabData@b6e2fe
                     
                     ,
                     
                     File: .\data\supervisorTabData.xls
                     
                     ,
                     
                     Row: 1)
                  </a>
               </td>
               <td nowrap="true">20:38:45</td>
               <td nowrap="true" align="right">0 ms
                  
               </td>
               <td nowrap="true">
                   
                  
               </td>
            </tr>
            <tr>
               <td colspan="4" class="detailsBox">
                  <div id="tests.AgendaLide_checkRoleDoctoralStudents_byClass_PASS3_details"
                       class="testMethodDetails">
                     <div>
                        <b>Name: </b>checkRoleDoctoralStudents
                     </div>
                     <div>
                        <b>Description: </b>Checks name and topic for block of information: Doctoral students.
                     </div>
                     <div>
                        <b>Signature: </b>checkRoleDoctoralStudents(tests.AgendaLide$SupervisorTabData, java.lang.String, java.lang.String)
                     </div>
                     <div>
                        <b>Parameters: </b>
                        
                        tests.AgendaLide$SupervisorTabData@b6e2fe
                        
                        ,
                        
                        File: .\data\supervisorTabData.xls
                        
                        ,
                        
                        Row: 1
                        
                        
                     </div>
                     <div>
                        <b>Start time: </b>20:38:45
                     </div>
                     <div>
                        <b>End time: </b>20:38:45
                     </div>
                     <div>
                        <b>Duration: </b>0 ms
                        
                     </div>
                  </div>
               </td>
            </tr>
            <tr></tr>
            <tr id="tests.AgendaLide_checkRoleDoctoralConsultant_byClass_PASS4_row"
                class="testMethodStatusPASS">
               <td width="100%" class="firstMethodCell">
                  <a onclick="toggleDetailsVisibility('tests.AgendaLide_checkRoleDoctoralConsultant_byClass_PASS4_details')">checkRoleDoctoralConsultant(tests.AgendaLide$SupervisorTabData@37f84c
                     
                     ,
                     
                     File: .\data\supervisorTabData.xls
                     
                     ,
                     
                     Row: 2)
                  </a>
               </td>
               <td nowrap="true">20:38:56</td>
               <td nowrap="true" align="right">0 ms
                  
               </td>
               <td nowrap="true">
                   
                  
               </td>
            </tr>
            <tr>
               <td colspan="4" class="detailsBox">
                  <div id="tests.AgendaLide_checkRoleDoctoralConsultant_byClass_PASS4_details"
                       class="testMethodDetails">
                     <div>
                        <b>Name: </b>checkRoleDoctoralConsultant
                     </div>
                     <div>
                        <b>Description: </b>Checks name and topic for block of information: Doctoral students' consultant.
                     </div>
                     <div>
                        <b>Signature: </b>checkRoleDoctoralConsultant(tests.AgendaLide$SupervisorTabData, java.lang.String, java.lang.String)
                     </div>
                     <div>
                        <b>Parameters: </b>
                        
                        tests.AgendaLide$SupervisorTabData@37f84c
                        
                        ,
                        
                        File: .\data\supervisorTabData.xls
                        
                        ,
                        
                        Row: 2
                        
                        
                     </div>
                     <div>
                        <b>Start time: </b>20:38:56
                     </div>
                     <div>
                        <b>End time: </b>20:38:56
                     </div>
                     <div>
                        <b>Duration: </b>0 ms
                        
                     </div>
                  </div>
               </td>
            </tr>
            <tr></tr>
            <tr id="tests.AgendaLide_checkRoleDoctoralConsultant_byClass_PASS5_row"
                class="testMethodStatusPASS">
               <td width="100%" class="firstMethodCell">
                  <a onclick="toggleDetailsVisibility('tests.AgendaLide_checkRoleDoctoralConsultant_byClass_PASS5_details')">checkRoleDoctoralConsultant(tests.AgendaLide$SupervisorTabData@23a27
                     
                     ,
                     
                     File: .\data\supervisorTabData.xls
                     
                     ,
                     
                     Row: 1)
                  </a>
               </td>
               <td nowrap="true">20:38:56</td>
               <td nowrap="true" align="right">0 ms
                  
               </td>
               <td nowrap="true">
                   
                  
               </td>
            </tr>
            <tr>
               <td colspan="4" class="detailsBox">
                  <div id="tests.AgendaLide_checkRoleDoctoralConsultant_byClass_PASS5_details"
                       class="testMethodDetails">
                     <div>
                        <b>Name: </b>checkRoleDoctoralConsultant
                     </div>
                     <div>
                        <b>Description: </b>Checks name and topic for block of information: Doctoral students' consultant.
                     </div>
                     <div>
                        <b>Signature: </b>checkRoleDoctoralConsultant(tests.AgendaLide$SupervisorTabData, java.lang.String, java.lang.String)
                     </div>
                     <div>
                        <b>Parameters: </b>
                        
                        tests.AgendaLide$SupervisorTabData@23a27
                        
                        ,
                        
                        File: .\data\supervisorTabData.xls
                        
                        ,
                        
                        Row: 1
                        
                        
                     </div>
                     <div>
                        <b>Start time: </b>20:38:56
                     </div>
                     <div>
                        <b>End time: </b>20:38:56
                     </div>
                     <div>
                        <b>Duration: </b>0 ms
                        
                     </div>
                  </div>
               </td>
            </tr>
            <tr></tr>
            <tr id="tests.AgendaLide_checkRoleDoctoralConsultant_byClass_PASS6_row"
                class="testMethodStatusPASS">
               <td width="100%" class="firstMethodCell">
                  <a onclick="toggleDetailsVisibility('tests.AgendaLide_checkRoleDoctoralConsultant_byClass_PASS6_details')">checkRoleDoctoralConsultant(tests.AgendaLide$SupervisorTabData@8e561a
                     
                     ,
                     
                     File: .\data\supervisorTabData.xls
                     
                     ,
                     
                     Row: 3)
                  </a>
               </td>
               <td nowrap="true">20:38:56</td>
               <td nowrap="true" align="right">0 ms
                  
               </td>
               <td nowrap="true">
                   
                  
               </td>
            </tr>
            <tr>
               <td colspan="4" class="detailsBox">
                  <div id="tests.AgendaLide_checkRoleDoctoralConsultant_byClass_PASS6_details"
                       class="testMethodDetails">
                     <div>
                        <b>Name: </b>checkRoleDoctoralConsultant
                     </div>
                     <div>
                        <b>Description: </b>Checks name and topic for block of information: Doctoral students' consultant.
                     </div>
                     <div>
                        <b>Signature: </b>checkRoleDoctoralConsultant(tests.AgendaLide$SupervisorTabData, java.lang.String, java.lang.String)
                     </div>
                     <div>
                        <b>Parameters: </b>
                        
                        tests.AgendaLide$SupervisorTabData@8e561a
                        
                        ,
                        
                        File: .\data\supervisorTabData.xls
                        
                        ,
                        
                        Row: 3
                        
                        
                     </div>
                     <div>
                        <b>Start time: </b>20:38:56
                     </div>
                     <div>
                        <b>End time: </b>20:38:56
                     </div>
                     <div>
                        <b>Duration: </b>0 ms
                        
                     </div>
                  </div>
               </td>
            </tr>
            <tr></tr>
            <tr id="tests.AgendaLide_checkRoleThesesSupervisor_byClass_PASS7_row"
                class="testMethodStatusPASS">
               <td width="100%" class="firstMethodCell">
                  <a onclick="toggleDetailsVisibility('tests.AgendaLide_checkRoleThesesSupervisor_byClass_PASS7_details')">checkRoleThesesSupervisor(tests.AgendaLide$SupervisorTabData@11e48e1
                     
                     ,
                     
                     File: .\data\supervisorTabData.xls
                     
                     ,
                     
                     Row: 1)
                  </a>
               </td>
               <td nowrap="true">20:38:56</td>
               <td nowrap="true" align="right">30s
                  
               </td>
               <td nowrap="true">
                   
                  
               </td>
            </tr>
            <tr>
               <td colspan="4" class="detailsBox">
                  <div id="tests.AgendaLide_checkRoleThesesSupervisor_byClass_PASS7_details"
                       class="testMethodDetails">
                     <div>
                        <b>Name: </b>checkRoleThesesSupervisor
                     </div>
                     <div>
                        <b>Description: </b>Checks name and topic for block of information: Theses - Supervisor.
                     </div>
                     <div>
                        <b>Signature: </b>checkRoleThesesSupervisor(tests.AgendaLide$SupervisorTabData, java.lang.String, java.lang.String)
                     </div>
                     <div>
                        <b>Parameters: </b>
                        
                        tests.AgendaLide$SupervisorTabData@11e48e1
                        
                        ,
                        
                        File: .\data\supervisorTabData.xls
                        
                        ,
                        
                        Row: 1
                        
                        
                     </div>
                     <div>
                        <b>Start time: </b>20:38:56
                     </div>
                     <div>
                        <b>End time: </b>20:39:26
                     </div>
                     <div>
                        <b>Duration: </b>30s
                        
                     </div>
                  </div>
               </td>
            </tr>
            <tr></tr>
            <tr id="tests.AgendaLide_checkRoleThesesSupervisor_byClass_PASS8_row"
                class="testMethodStatusPASS">
               <td width="100%" class="firstMethodCell">
                  <a onclick="toggleDetailsVisibility('tests.AgendaLide_checkRoleThesesSupervisor_byClass_PASS8_details')">checkRoleThesesSupervisor(tests.AgendaLide$SupervisorTabData@142c0de
                     
                     ,
                     
                     File: .\data\supervisorTabData.xls
                     
                     ,
                     
                     Row: 2)
                  </a>
               </td>
               <td nowrap="true">20:39:26</td>
               <td nowrap="true" align="right">11s
                  
               </td>
               <td nowrap="true">
                   
                  
               </td>
            </tr>
            <tr>
               <td colspan="4" class="detailsBox">
                  <div id="tests.AgendaLide_checkRoleThesesSupervisor_byClass_PASS8_details"
                       class="testMethodDetails">
                     <div>
                        <b>Name: </b>checkRoleThesesSupervisor
                     </div>
                     <div>
                        <b>Description: </b>Checks name and topic for block of information: Theses - Supervisor.
                     </div>
                     <div>
                        <b>Signature: </b>checkRoleThesesSupervisor(tests.AgendaLide$SupervisorTabData, java.lang.String, java.lang.String)
                     </div>
                     <div>
                        <b>Parameters: </b>
                        
                        tests.AgendaLide$SupervisorTabData@142c0de
                        
                        ,
                        
                        File: .\data\supervisorTabData.xls
                        
                        ,
                        
                        Row: 2
                        
                        
                     </div>
                     <div>
                        <b>Start time: </b>20:39:26
                     </div>
                     <div>
                        <b>End time: </b>20:39:37
                     </div>
                     <div>
                        <b>Duration: </b>11s
                        
                     </div>
                  </div>
               </td>
            </tr>
            <tr></tr>
            <tr id="tests.AgendaLide_checkRoleThesesSupervisor_byClass_FAIL9_row"
                class="testMethodStatusFAIL">
               <td width="100%" class="firstMethodCell">
                  <a onclick="toggleDetailsVisibility('tests.AgendaLide_checkRoleThesesSupervisor_byClass_FAIL9_details')">checkRoleThesesSupervisor(tests.AgendaLide$SupervisorTabData@1327667
                     
                     ,
                     
                     File: .\data\supervisorTabData.xls
                     
                     ,
                     
                     Row: 3)
                  </a>
               </td>
               <td nowrap="true">20:39:37</td>
               <td nowrap="true" align="right">4m
                  46s
                  
               </td>
               <td nowrap="true">
                  <a onclick="toggleDetailsVisibility('tests.AgendaLide_checkRoleThesesSupervisor_byClass_FAIL9_exception')">java.lang.Throwable: 
                     Multiple failures (4):
                     
                     Failure 1 of 4:
                     java.lang.AssertionError: 
                     
                     Failure on page (title, link):
                     Archiv závěrečné práce Jana Ságlová FF B-FI AJ /ff_b/
                     http://is.muni.cz/th/215719/ff_b/?lang=cs
                     
                     Additional information:
                     Verify that "css=h1#nadpis" contains "Archiv závěrečné práce Jana Havelková"
                     
                     expected:&lt;true&gt; but was:&lt;false&gt;
                     	at org.testng.Assert.fail(Assert.java:89)
                     	at org.testng.Assert.failNotEquals(Assert.java:480)
                     	at org.testng.Assert.assertTrue(Assert.java:37)
                     	at tests.TestBase.assertTrue(TestBase.java:232)
                     	at tests.TestBase.verifyTrue(TestBase.java:284)
                     	at tests.AgendaLide.checkRoleThesesSupervisor(AgendaLide.java:407)
                     	at sun.reflect.NativeMethodAccessorImpl.invoke0(Native Method)
                     	at sun.reflect.NativeMethodAccessorImpl.invoke(NativeMethodAccessorImpl.java:57)
                     	at sun.reflect.DelegatingMethodAccessorImpl.invoke(DelegatingMethodAccessorImpl.java:43)
                     	at java.lang.reflect.Method.invoke(Method.java:601)
                     	at org.testng.internal.MethodInvocationHelper.invokeMethod(MethodInvocationHelper.java:76)
                     	at org.testng.internal.Invoker.invokeMethod(Invoker.java:673)
                     	at org.testng.internal.Invoker.invokeTestMethod(Invoker.java:846)
                     	at org.testng.internal.Invoker.invokeTestMethods(Invoker.java:1170)
                     	at org.testng.internal.TestMethodWorker.invokeTestMethods(TestMethodWorker.java:125)
                     	at org.testng.internal.TestMethodWorker.run(TestMethodWorker.java:109)
                     	at org.testng.TestRunner.runWorkers(TestRunner.java:1147)
                     	at org.testng.TestRunner.privateRun(TestRunner.java:749)
                     	at org.testng.TestRunner.run(TestRunner.java:600)
                     	at org.testng.SuiteRunner.runTest(SuiteRunner.java:317)
                     	at org.testng.SuiteRunner.runSequentially(SuiteRunner.java:312)
                     	at org.testng.SuiteRunner.privateRun(SuiteRunner.java:274)
                     	at org.testng.SuiteRunner.run(SuiteRunner.java:223)
                     	at org.testng.SuiteRunnerWorker.runSuite(SuiteRunnerWorker.java:52)
                     	at org.testng.SuiteRunnerWorker.run(SuiteRunnerWorker.java:86)
                     	at org.testng.TestNG.runSuitesSequentially(TestNG.java:1039)
                     	at org.testng.TestNG.runSuitesSequentially(TestNG.java:1035)
                     	at org.testng.TestNG.runSuitesLocally(TestNG.java:964)
                     	at org.testng.TestNG.run(TestNG.java:900)
                     	at org.testng.TestNG.privateMain(TestNG.java:1182)
                     	at org.testng.TestNG.main(TestNG.java:1146)
                     
                     
                     
                     Failure 2 of 4:
                     java.lang.AssertionError: 
                     
                     Failure on page (title, link):
                     Archiv závěrečné práce Jana Pěgřímová FF B-FI AJ /ff_b/
                     http://is.muni.cz/th/106458/ff_b/?lang=cs
                     
                     Additional information:
                     Verify that "css=h1#nadpis" contains "Archiv závěrečné práce Jana Boháčková"
                     
                     expected:&lt;true&gt; but was:&lt;false&gt;
                     	at org.testng.Assert.fail(Assert.java:89)
                     	at org.testng.Assert.failNotEquals(Assert.java:480)
                     	at org.testng.Assert.assertTrue(Assert.java:37)
                     	at tests.TestBase.assertTrue(TestBase.java:232)
                     	at tests.TestBase.verifyTrue(TestBase.java:284)
                     	at tests.AgendaLide.checkRoleThesesSupervisor(AgendaLide.java:407)
                     	at sun.reflect.NativeMethodAccessorImpl.invoke0(Native Method)
                     	at sun.reflect.NativeMethodAccessorImpl.invoke(NativeMethodAccessorImpl.java:57)
                     	at sun.reflect.DelegatingMethodAccessorImpl.invoke(DelegatingMethodAccessorImpl.java:43)
                     	at java.lang.reflect.Method.invoke(Method.java:601)
                     	at org.testng.internal.MethodInvocationHelper.invokeMethod(MethodInvocationHelper.java:76)
                     	at org.testng.internal.Invoker.invokeMethod(Invoker.java:673)
                     	at org.testng.internal.Invoker.invokeTestMethod(Invoker.java:846)
                     	at org.testng.internal.Invoker.invokeTestMethods(Invoker.java:1170)
                     	at org.testng.internal.TestMethodWorker.invokeTestMethods(TestMethodWorker.java:125)
                     	at org.testng.internal.TestMethodWorker.run(TestMethodWorker.java:109)
                     	at org.testng.TestRunner.runWorkers(TestRunner.java:1147)
                     	at org.testng.TestRunner.privateRun(TestRunner.java:749)
                     	at org.testng.TestRunner.run(TestRunner.java:600)
                     	at org.testng.SuiteRunner.runTest(SuiteRunner.java:317)
                     	at org.testng.SuiteRunner.runSequentially(SuiteRunner.java:312)
                     	at org.testng.SuiteRunner.privateRun(SuiteRunner.java:274)
                     	at org.testng.SuiteRunner.run(SuiteRunner.java:223)
                     	at org.testng.SuiteRunnerWorker.runSuite(SuiteRunnerWorker.java:52)
                     	at org.testng.SuiteRunnerWorker.run(SuiteRunnerWorker.java:86)
                     	at org.testng.TestNG.runSuitesSequentially(TestNG.java:1039)
                     	at org.testng.TestNG.runSuitesSequentially(TestNG.java:1035)
                     	at org.testng.TestNG.runSuitesLocally(TestNG.java:964)
                     	at org.testng.TestNG.run(TestNG.java:900)
                     	at org.testng.TestNG.privateMain(TestNG.java:1182)
                     	at org.testng.TestNG.main(TestNG.java:1146)
                     
                     
                     
                     Failure 3 of 4:
                     java.lang.AssertionError: 
                     
                     Failure on page (title, link):
                     Archiv závěrečné práce Eva Kluková FF M-FI AJ /ff_m/
                     http://is.muni.cz/th/65075/ff_m/?lang=cs
                     
                     Additional information:
                     Verify that "css=h1#nadpis" contains "Archiv závěrečné práce Eva Lukáčová"
                     
                     expected:&lt;true&gt; but was:&lt;false&gt;
                     	at org.testng.Assert.fail(Assert.java:89)
                     	at org.testng.Assert.failNotEquals(Assert.java:480)
                     	at org.testng.Assert.assertTrue(Assert.java:37)
                     	at tests.TestBase.assertTrue(TestBase.java:232)
                     	at tests.TestBase.verifyTrue(TestBase.java:284)
                     	at tests.AgendaLide.checkRoleThesesSupervisor(AgendaLide.java:407)
                     	at sun.reflect.NativeMethodAccessorImpl.invoke0(Native Method)
                     	at sun.reflect.NativeMethodAccessorImpl.invoke(NativeMethodAccessorImpl.java:57)
                     	at sun.reflect.DelegatingMethodAccessorImpl.invoke(DelegatingMethodAccessorImpl.java:43)
                     	at java.lang.reflect.Method.invoke(Method.java:601)
                     	at org.testng.internal.MethodInvocationHelper.invokeMethod(MethodInvocationHelper.java:76)
                     	at org.testng.internal.Invoker.invokeMethod(Invoker.java:673)
                     	at org.testng.internal.Invoker.invokeTestMethod(Invoker.java:846)
                     	at org.testng.internal.Invoker.invokeTestMethods(Invoker.java:1170)
                     	at org.testng.internal.TestMethodWorker.invokeTestMethods(TestMethodWorker.java:125)
                     	at org.testng.internal.TestMethodWorker.run(TestMethodWorker.java:109)
                     	at org.testng.TestRunner.runWorkers(TestRunner.java:1147)
                     	at org.testng.TestRunner.privateRun(TestRunner.java:749)
                     	at org.testng.TestRunner.run(TestRunner.java:600)
                     	at org.testng.SuiteRunner.runTest(SuiteRunner.java:317)
                     	at org.testng.SuiteRunner.runSequentially(SuiteRunner.java:312)
                     	at org.testng.SuiteRunner.privateRun(SuiteRunner.java:274)
                     	at org.testng.SuiteRunner.run(SuiteRunner.java:223)
                     	at org.testng.SuiteRunnerWorker.runSuite(SuiteRunnerWorker.java:52)
                     	at org.testng.SuiteRunnerWorker.run(SuiteRunnerWorker.java:86)
                     	at org.testng.TestNG.runSuitesSequentially(TestNG.java:1039)
                     	at org.testng.TestNG.runSuitesSequentially(TestNG.java:1035)
                     	at org.testng.TestNG.runSuitesLocally(TestNG.java:964)
                     	at org.testng.TestNG.run(TestNG.java:900)
                     	at org.testng.TestNG.privateMain(TestNG.java:1182)
                     	at org.testng.TestNG.main(TestNG.java:1146)
                     
                     
                     
                     Failure 4 of 4:
                     java.lang.AssertionError: 
                     
                     Failure on page (title, link):
                     Archiv závěrečné práce Štěpánka Benešová FF M-FI AJ /ff_m/
                     http://is.muni.cz/th/15316/ff_m/?lang=cs
                     
                     Additional information:
                     Verify that "css=h1#nadpis" contains "Archiv závěrečné práce Štěpánka Dubinová"
                     
                     expected:&lt;true&gt; but was:&lt;false&gt;
                     
                  </a>
                   
                  
               </td>
            </tr>
            <tr>
               <td colspan="4" class="detailsBox">
                  <div id="tests.AgendaLide_checkRoleThesesSupervisor_byClass_FAIL9_details"
                       class="testMethodDetails">
                     <div>
                        <b>Name: </b>checkRoleThesesSupervisor
                     </div>
                     <div>
                        <b>Description: </b>Checks name and topic for block of information: Theses - Supervisor.
                     </div>
                     <div>
                        <b>Signature: </b>checkRoleThesesSupervisor(tests.AgendaLide$SupervisorTabData, java.lang.String, java.lang.String)
                     </div>
                     <div>
                        <b>Parameters: </b>
                        
                        tests.AgendaLide$SupervisorTabData@1327667
                        
                        ,
                        
                        File: .\data\supervisorTabData.xls
                        
                        ,
                        
                        Row: 3
                        
                        
                     </div>
                     <div>
                        <b>Start time: </b>20:39:37
                     </div>
                     <div>
                        <b>End time: </b>20:43:23
                     </div>
                     <div>
                        <b>Duration: </b>4m
                        46s
                        
                     </div>
                  </div>
               </td>
            </tr>
            <tr>
               <td colspan="4" class="detailsBox">
                  <div id="tests.AgendaLide_checkRoleThesesSupervisor_byClass_FAIL9_exception"
                       class="testMethodDetails">
                     <pre style="padding: 5px; margin: 0;">java.lang.Throwable: Multiple failures (4):
                        
                        Failure 1 of 4:
                        java.lang.AssertionError: 
                        
                        Failure on page (title, link):
                        Archiv závěrečné práce Jana Ságlová FF B-FI AJ /ff_b/
                        http://is.muni.cz/th/215719/ff_b/?lang=cs
                        
                        Additional information:
                        Verify that "css=h1#nadpis" contains "Archiv závěrečné práce Jana Havelková"
                        
                        expected:&lt;true&gt; but was:&lt;false&gt;
                        	at org.testng.Assert.fail(Assert.java:89)
                        	at org.testng.Assert.failNotEquals(Assert.java:480)
                        	at org.testng.Assert.assertTrue(Assert.java:37)
                        	at tests.TestBase.assertTrue(TestBase.java:232)
                        	at tests.TestBase.verifyTrue(TestBase.java:284)
                        	at tests.AgendaLide.checkRoleThesesSupervisor(AgendaLide.java:407)
                        	at sun.reflect.NativeMethodAccessorImpl.invoke0(Native Method)
                        	at sun.reflect.NativeMethodAccessorImpl.invoke(NativeMethodAccessorImpl.java:57)
                        	at sun.reflect.DelegatingMethodAccessorImpl.invoke(DelegatingMethodAccessorImpl.java:43)
                        	at java.lang.reflect.Method.invoke(Method.java:601)
                        	at org.testng.internal.MethodInvocationHelper.invokeMethod(MethodInvocationHelper.java:76)
                        	at org.testng.internal.Invoker.invokeMethod(Invoker.java:673)
                        	at org.testng.internal.Invoker.invokeTestMethod(Invoker.java:846)
                        	at org.testng.internal.Invoker.invokeTestMethods(Invoker.java:1170)
                        	at org.testng.internal.TestMethodWorker.invokeTestMethods(TestMethodWorker.java:125)
                        	at org.testng.internal.TestMethodWorker.run(TestMethodWorker.java:109)
                        	at org.testng.TestRunner.runWorkers(TestRunner.java:1147)
                        	at org.testng.TestRunner.privateRun(TestRunner.java:749)
                        	at org.testng.TestRunner.run(TestRunner.java:600)
                        	at org.testng.SuiteRunner.runTest(SuiteRunner.java:317)
                        	at org.testng.SuiteRunner.runSequentially(SuiteRunner.java:312)
                        	at org.testng.SuiteRunner.privateRun(SuiteRunner.java:274)
                        	at org.testng.SuiteRunner.run(SuiteRunner.java:223)
                        	at org.testng.SuiteRunnerWorker.runSuite(SuiteRunnerWorker.java:52)
                        	at org.testng.SuiteRunnerWorker.run(SuiteRunnerWorker.java:86)
                        	at org.testng.TestNG.runSuitesSequentially(TestNG.java:1039)
                        	at org.testng.TestNG.runSuitesSequentially(TestNG.java:1035)
                        	at org.testng.TestNG.runSuitesLocally(TestNG.java:964)
                        	at org.testng.TestNG.run(TestNG.java:900)
                        	at org.testng.TestNG.privateMain(TestNG.java:1182)
                        	at org.testng.TestNG.main(TestNG.java:1146)
                        
                        
                        
                        Failure 2 of 4:
                        java.lang.AssertionError: 
                        
                        Failure on page (title, link):
                        Archiv závěrečné práce Jana Pěgřímová FF B-FI AJ /ff_b/
                        http://is.muni.cz/th/106458/ff_b/?lang=cs
                        
                        Additional information:
                        Verify that "css=h1#nadpis" contains "Archiv závěrečné práce Jana Boháčková"
                        
                        expected:&lt;true&gt; but was:&lt;false&gt;
                        	at org.testng.Assert.fail(Assert.java:89)
                        	at org.testng.Assert.failNotEquals(Assert.java:480)
                        	at org.testng.Assert.assertTrue(Assert.java:37)
                        	at tests.TestBase.assertTrue(TestBase.java:232)
                        	at tests.TestBase.verifyTrue(TestBase.java:284)
                        	at tests.AgendaLide.checkRoleThesesSupervisor(AgendaLide.java:407)
                        	at sun.reflect.NativeMethodAccessorImpl.invoke0(Native Method)
                        	at sun.reflect.NativeMethodAccessorImpl.invoke(NativeMethodAccessorImpl.java:57)
                        	at sun.reflect.DelegatingMethodAccessorImpl.invoke(DelegatingMethodAccessorImpl.java:43)
                        	at java.lang.reflect.Method.invoke(Method.java:601)
                        	at org.testng.internal.MethodInvocationHelper.invokeMethod(MethodInvocationHelper.java:76)
                        	at org.testng.internal.Invoker.invokeMethod(Invoker.java:673)
                        	at org.testng.internal.Invoker.invokeTestMethod(Invoker.java:846)
                        	at org.testng.internal.Invoker.invokeTestMethods(Invoker.java:1170)
                        	at org.testng.internal.TestMethodWorker.invokeTestMethods(TestMethodWorker.java:125)
                        	at org.testng.internal.TestMethodWorker.run(TestMethodWorker.java:109)
                        	at org.testng.TestRunner.runWorkers(TestRunner.java:1147)
                        	at org.testng.TestRunner.privateRun(TestRunner.java:749)
                        	at org.testng.TestRunner.run(TestRunner.java:600)
                        	at org.testng.SuiteRunner.runTest(SuiteRunner.java:317)
                        	at org.testng.SuiteRunner.runSequentially(SuiteRunner.java:312)
                        	at org.testng.SuiteRunner.privateRun(SuiteRunner.java:274)
                        	at org.testng.SuiteRunner.run(SuiteRunner.java:223)
                        	at org.testng.SuiteRunnerWorker.runSuite(SuiteRunnerWorker.java:52)
                        	at org.testng.SuiteRunnerWorker.run(SuiteRunnerWorker.java:86)
                        	at org.testng.TestNG.runSuitesSequentially(TestNG.java:1039)
                        	at org.testng.TestNG.runSuitesSequentially(TestNG.java:1035)
                        	at org.testng.TestNG.runSuitesLocally(TestNG.java:964)
                        	at org.testng.TestNG.run(TestNG.java:900)
                        	at org.testng.TestNG.privateMain(TestNG.java:1182)
                        	at org.testng.TestNG.main(TestNG.java:1146)
                        
                        
                        
                        Failure 3 of 4:
                        java.lang.AssertionError: 
                        
                        Failure on page (title, link):
                        Archiv závěrečné práce Eva Kluková FF M-FI AJ /ff_m/
                        http://is.muni.cz/th/65075/ff_m/?lang=cs
                        
                        Additional information:
                        Verify that "css=h1#nadpis" contains "Archiv závěrečné práce Eva Lukáčová"
                        
                        expected:&lt;true&gt; but was:&lt;false&gt;
                        	at org.testng.Assert.fail(Assert.java:89)
                        	at org.testng.Assert.failNotEquals(Assert.java:480)
                        	at org.testng.Assert.assertTrue(Assert.java:37)
                        	at tests.TestBase.assertTrue(TestBase.java:232)
                        	at tests.TestBase.verifyTrue(TestBase.java:284)
                        	at tests.AgendaLide.checkRoleThesesSupervisor(AgendaLide.java:407)
                        	at sun.reflect.NativeMethodAccessorImpl.invoke0(Native Method)
                        	at sun.reflect.NativeMethodAccessorImpl.invoke(NativeMethodAccessorImpl.java:57)
                        	at sun.reflect.DelegatingMethodAccessorImpl.invoke(DelegatingMethodAccessorImpl.java:43)
                        	at java.lang.reflect.Method.invoke(Method.java:601)
                        	at org.testng.internal.MethodInvocationHelper.invokeMethod(MethodInvocationHelper.java:76)
                        	at org.testng.internal.Invoker.invokeMethod(Invoker.java:673)
                        	at org.testng.internal.Invoker.invokeTestMethod(Invoker.java:846)
                        	at org.testng.internal.Invoker.invokeTestMethods(Invoker.java:1170)
                        	at org.testng.internal.TestMethodWorker.invokeTestMethods(TestMethodWorker.java:125)
                        	at org.testng.internal.TestMethodWorker.run(TestMethodWorker.java:109)
                        	at org.testng.TestRunner.runWorkers(TestRunner.java:1147)
                        	at org.testng.TestRunner.privateRun(TestRunner.java:749)
                        	at org.testng.TestRunner.run(TestRunner.java:600)
                        	at org.testng.SuiteRunner.runTest(SuiteRunner.java:317)
                        	at org.testng.SuiteRunner.runSequentially(SuiteRunner.java:312)
                        	at org.testng.SuiteRunner.privateRun(SuiteRunner.java:274)
                        	at org.testng.SuiteRunner.run(SuiteRunner.java:223)
                        	at org.testng.SuiteRunnerWorker.runSuite(SuiteRunnerWorker.java:52)
                        	at org.testng.SuiteRunnerWorker.run(SuiteRunnerWorker.java:86)
                        	at org.testng.TestNG.runSuitesSequentially(TestNG.java:1039)
                        	at org.testng.TestNG.runSuitesSequentially(TestNG.java:1035)
                        	at org.testng.TestNG.runSuitesLocally(TestNG.java:964)
                        	at org.testng.TestNG.run(TestNG.java:900)
                        	at org.testng.TestNG.privateMain(TestNG.java:1182)
                        	at org.testng.TestNG.main(TestNG.java:1146)
                        
                        
                        
                        Failure 4 of 4:
                        java.lang.AssertionError: 
                        
                        Failure on page (title, link):
                        Archiv závěrečné práce Štěpánka Benešová FF M-FI AJ /ff_m/
                        http://is.muni.cz/th/15316/ff_m/?lang=cs
                        
                        Additional information:
                        Verify that "css=h1#nadpis" contains "Archiv závěrečné práce Štěpánka Dubinová"
                        
                        expected:&lt;true&gt; but was:&lt;false&gt;
                        	at org.testng.Assert.fail(Assert.java:89)
                        	at org.testng.Assert.failNotEquals(Assert.java:480)
                        	at org.testng.Assert.assertTrue(Assert.java:37)
                        	at tests.TestBase.assertTrue(TestBase.java:232)
                        	at tests.TestBase.verifyTrue(TestBase.java:284)
                        	at tests.AgendaLide.checkRoleThesesSupervisor(AgendaLide.java:407)
                        	at sun.reflect.NativeMethodAccessorImpl.invoke0(Native Method)
                        	at sun.reflect.NativeMethodAccessorImpl.invoke(NativeMethodAccessorImpl.java:57)
                        	at sun.reflect.DelegatingMethodAccessorImpl.invoke(DelegatingMethodAccessorImpl.java:43)
                        	at java.lang.reflect.Method.invoke(Method.java:601)
                        	at org.testng.internal.MethodInvocationHelper.invokeMethod(MethodInvocationHelper.java:76)
                        	at org.testng.internal.Invoker.invokeMethod(Invoker.java:673)
                        	at org.testng.internal.Invoker.invokeTestMethod(Invoker.java:846)
                        	at org.testng.internal.Invoker.invokeTestMethods(Invoker.java:1170)
                        	at org.testng.internal.TestMethodWorker.invokeTestMethods(TestMethodWorker.java:125)
                        	at org.testng.internal.TestMethodWorker.run(TestMethodWorker.java:109)
                        	at org.testng.TestRunner.runWorkers(TestRunner.java:1147)
                        	at org.testng.TestRunner.privateRun(TestRunner.java:749)
                        	at org.testng.TestRunner.run(TestRunner.java:600)
                        	at org.testng.SuiteRunner.runTest(SuiteRunner.java:317)
                        	at org.testng.SuiteRunner.runSequentially(SuiteRunner.java:312)
                        	at org.testng.SuiteRunner.privateRun(SuiteRunner.java:274)
                        	at org.testng.SuiteRunner.run(SuiteRunner.java:223)
                        	at org.testng.SuiteRunnerWorker.runSuite(SuiteRunnerWorker.java:52)
                        	at org.testng.SuiteRunnerWorker.run(SuiteRunnerWorker.java:86)
                        	at org.testng.TestNG.runSuitesSequentially(TestNG.java:1039)
                        	at org.testng.TestNG.runSuitesSequentially(TestNG.java:1035)
                        	at org.testng.TestNG.runSuitesLocally(TestNG.java:964)
                        	at org.testng.TestNG.run(TestNG.java:900)
                        	at org.testng.TestNG.privateMain(TestNG.java:1182)
                        	at org.testng.TestNG.main(TestNG.java:1146)
                     </pre>
                  </div>
               </td>
            </tr>
            <tr id="tests.AgendaLide_checkRoleThesesReader_byClass_PASS10_row"
                class="testMethodStatusPASS">
               <td width="100%" class="firstMethodCell">
                  <a onclick="toggleDetailsVisibility('tests.AgendaLide_checkRoleThesesReader_byClass_PASS10_details')">checkRoleThesesReader(tests.AgendaLide$SupervisorTabData@a0aa1e
                     
                     ,
                     
                     File: .\data\supervisorTabData.xls
                     
                     ,
                     
                     Row: 1)
                  </a>
               </td>
               <td nowrap="true">20:43:23</td>
               <td nowrap="true" align="right">29s
                  
               </td>
               <td nowrap="true">
                   
                  
               </td>
            </tr>
            <tr>
               <td colspan="4" class="detailsBox">
                  <div id="tests.AgendaLide_checkRoleThesesReader_byClass_PASS10_details"
                       class="testMethodDetails">
                     <div>
                        <b>Name: </b>checkRoleThesesReader
                     </div>
                     <div>
                        <b>Description: </b>Checks name and topic for block of information: Theses - Reader.
                     </div>
                     <div>
                        <b>Signature: </b>checkRoleThesesReader(tests.AgendaLide$SupervisorTabData, java.lang.String, java.lang.String)
                     </div>
                     <div>
                        <b>Parameters: </b>
                        
                        tests.AgendaLide$SupervisorTabData@a0aa1e
                        
                        ,
                        
                        File: .\data\supervisorTabData.xls
                        
                        ,
                        
                        Row: 1
                        
                        
                     </div>
                     <div>
                        <b>Start time: </b>20:43:23
                     </div>
                     <div>
                        <b>End time: </b>20:43:52
                     </div>
                     <div>
                        <b>Duration: </b>29s
                        
                     </div>
                  </div>
               </td>
            </tr>
            <tr></tr>
            <tr id="tests.AgendaLide_checkRoleThesesReader_byClass_PASS11_row"
                class="testMethodStatusPASS">
               <td width="100%" class="firstMethodCell">
                  <a onclick="toggleDetailsVisibility('tests.AgendaLide_checkRoleThesesReader_byClass_PASS11_details')">checkRoleThesesReader(tests.AgendaLide$SupervisorTabData@ab61
                     
                     ,
                     
                     File: .\data\supervisorTabData.xls
                     
                     ,
                     
                     Row: 2)
                  </a>
               </td>
               <td nowrap="true">20:43:52</td>
               <td nowrap="true" align="right">2m
                  33s
                  
               </td>
               <td nowrap="true">
                   
                  
               </td>
            </tr>
            <tr>
               <td colspan="4" class="detailsBox">
                  <div id="tests.AgendaLide_checkRoleThesesReader_byClass_PASS11_details"
                       class="testMethodDetails">
                     <div>
                        <b>Name: </b>checkRoleThesesReader
                     </div>
                     <div>
                        <b>Description: </b>Checks name and topic for block of information: Theses - Reader.
                     </div>
                     <div>
                        <b>Signature: </b>checkRoleThesesReader(tests.AgendaLide$SupervisorTabData, java.lang.String, java.lang.String)
                     </div>
                     <div>
                        <b>Parameters: </b>
                        
                        tests.AgendaLide$SupervisorTabData@ab61
                        
                        ,
                        
                        File: .\data\supervisorTabData.xls
                        
                        ,
                        
                        Row: 2
                        
                        
                     </div>
                     <div>
                        <b>Start time: </b>20:43:52
                     </div>
                     <div>
                        <b>End time: </b>20:45:26
                     </div>
                     <div>
                        <b>Duration: </b>2m
                        33s
                        
                     </div>
                  </div>
               </td>
            </tr>
            <tr></tr>
            <tr id="tests.AgendaLide_checkRoleThesesReader_byClass_PASS12_row"
                class="testMethodStatusPASS">
               <td width="100%" class="firstMethodCell">
                  <a onclick="toggleDetailsVisibility('tests.AgendaLide_checkRoleThesesReader_byClass_PASS12_details')">checkRoleThesesReader(tests.AgendaLide$SupervisorTabData@1f3ade7
                     
                     ,
                     
                     File: .\data\supervisorTabData.xls
                     
                     ,
                     
                     Row: 3)
                  </a>
               </td>
               <td nowrap="true">20:45:26</td>
               <td nowrap="true" align="right">19s
                  
               </td>
               <td nowrap="true">
                   
                  
               </td>
            </tr>
            <tr>
               <td colspan="4" class="detailsBox">
                  <div id="tests.AgendaLide_checkRoleThesesReader_byClass_PASS12_details"
                       class="testMethodDetails">
                     <div>
                        <b>Name: </b>checkRoleThesesReader
                     </div>
                     <div>
                        <b>Description: </b>Checks name and topic for block of information: Theses - Reader.
                     </div>
                     <div>
                        <b>Signature: </b>checkRoleThesesReader(tests.AgendaLide$SupervisorTabData, java.lang.String, java.lang.String)
                     </div>
                     <div>
                        <b>Parameters: </b>
                        
                        tests.AgendaLide$SupervisorTabData@1f3ade7
                        
                        ,
                        
                        File: .\data\supervisorTabData.xls
                        
                        ,
                        
                        Row: 3
                        
                        
                     </div>
                     <div>
                        <b>Start time: </b>20:45:26
                     </div>
                     <div>
                        <b>End time: </b>20:45:45
                     </div>
                     <div>
                        <b>Duration: </b>19s
                        
                     </div>
                  </div>
               </td>
            </tr>
            <tr></tr>
         </table>
         <br></br>
         <table class="testMethodsTable" cellpadding="0" cellspacing="0">
            <tr>
               <td colspan="4">
                  <h3 style="display: inline;">tests.AgendaLide</h3>
               </td>
            </tr>
            <tr class="methodsTableHeader">
               <td width="100%">Name</td>
               <td nowrap="true">Started</td>
               <td nowrap="true">Duration</td>
               <td>Exception</td>
            </tr>
            <tr id="tests.AgendaLide_startSelenium_byClass_PASS1_row"
                class="testMethodStatusPASS testMethodStatusCONF">
               <td width="100%" class="firstMethodCell">
                  <a onclick="toggleDetailsVisibility('tests.AgendaLide_startSelenium_byClass_PASS1_details')">startSelenium(org.testng.TestRunner@4a60d7)</a>
               </td>
               <td nowrap="true">20:38:41</td>
               <td nowrap="true" align="right">4s
                  
               </td>
               <td nowrap="true">
                   
                  
               </td>
            </tr>
            <tr>
               <td colspan="4" class="detailsBox">
                  <div id="tests.AgendaLide_startSelenium_byClass_PASS1_details"
                       class="testMethodDetails">
                     <div>
                        <b>Name: </b>startSelenium
                     </div>
                     <div>
                        <b>Signature: </b>startSelenium(org.testng.ITestContext)
                     </div>
                     <div>
                        <b>Parameters: </b>
                        
                        org.testng.TestRunner@4a60d7
                        
                        
                     </div>
                     <div>
                        <b>Start time: </b>20:38:41
                     </div>
                     <div>
                        <b>End time: </b>20:38:44
                     </div>
                     <div>
                        <b>Duration: </b>4s
                        
                     </div>
                  </div>
               </td>
            </tr>
            <tr></tr>
            <tr id="tests.AgendaLide_checkPublications_byClass_PASS2_row"
                class="testMethodStatusPASS">
               <td width="100%" class="firstMethodCell">
                  <a onclick="toggleDetailsVisibility('tests.AgendaLide_checkPublications_byClass_PASS2_details')">checkPublications(tests.AgendaLide$PublicationsTabData@28f3c7
                     
                     ,
                     
                     File: .\data\publicationsTabData.xls
                     
                     ,
                     
                     Row: 1)
                  </a>
               </td>
               <td nowrap="true">20:45:45</td>
               <td nowrap="true" align="right">57s
                  
               </td>
               <td nowrap="true">
                   
                  
               </td>
            </tr>
            <tr>
               <td colspan="4" class="detailsBox">
                  <div id="tests.AgendaLide_checkPublications_byClass_PASS2_details"
                       class="testMethodDetails">
                     <div>
                        <b>Name: </b>checkPublications
                     </div>
                     <div>
                        <b>Description: </b>Checks specific person's publications.
                     </div>
                     <div>
                        <b>Signature: </b>checkPublications(tests.AgendaLide$PublicationsTabData, java.lang.String, java.lang.String)
                     </div>
                     <div>
                        <b>Parameters: </b>
                        
                        tests.AgendaLide$PublicationsTabData@28f3c7
                        
                        ,
                        
                        File: .\data\publicationsTabData.xls
                        
                        ,
                        
                        Row: 1
                        
                        
                     </div>
                     <div>
                        <b>Start time: </b>20:45:45
                     </div>
                     <div>
                        <b>End time: </b>20:46:42
                     </div>
                     <div>
                        <b>Duration: </b>57s
                        
                     </div>
                  </div>
               </td>
            </tr>
            <tr></tr>
            <tr id="tests.AgendaLide_checkPublications_byClass_PASS3_row"
                class="testMethodStatusPASS">
               <td width="100%" class="firstMethodCell">
                  <a onclick="toggleDetailsVisibility('tests.AgendaLide_checkPublications_byClass_PASS3_details')">checkPublications(tests.AgendaLide$PublicationsTabData@9ca370
                     
                     ,
                     
                     File: .\data\publicationsTabData.xls
                     
                     ,
                     
                     Row: 2)
                  </a>
               </td>
               <td nowrap="true">20:46:42</td>
               <td nowrap="true" align="right">25s
                  
               </td>
               <td nowrap="true">
                   
                  
               </td>
            </tr>
            <tr>
               <td colspan="4" class="detailsBox">
                  <div id="tests.AgendaLide_checkPublications_byClass_PASS3_details"
                       class="testMethodDetails">
                     <div>
                        <b>Name: </b>checkPublications
                     </div>
                     <div>
                        <b>Description: </b>Checks specific person's publications.
                     </div>
                     <div>
                        <b>Signature: </b>checkPublications(tests.AgendaLide$PublicationsTabData, java.lang.String, java.lang.String)
                     </div>
                     <div>
                        <b>Parameters: </b>
                        
                        tests.AgendaLide$PublicationsTabData@9ca370
                        
                        ,
                        
                        File: .\data\publicationsTabData.xls
                        
                        ,
                        
                        Row: 2
                        
                        
                     </div>
                     <div>
                        <b>Start time: </b>20:46:42
                     </div>
                     <div>
                        <b>End time: </b>20:47:07
                     </div>
                     <div>
                        <b>Duration: </b>25s
                        
                     </div>
                  </div>
               </td>
            </tr>
            <tr></tr>
            <tr id="tests.AgendaLide_checkPublications_byClass_FAIL4_row"
                class="testMethodStatusFAIL">
               <td width="100%" class="firstMethodCell">
                  <a onclick="toggleDetailsVisibility('tests.AgendaLide_checkPublications_byClass_FAIL4_details')">checkPublications(tests.AgendaLide$PublicationsTabData@c4ff15
                     
                     ,
                     
                     File: .\data\publicationsTabData.xls
                     
                     ,
                     
                     Row: 3)
                  </a>
               </td>
               <td nowrap="true">20:47:07</td>
               <td nowrap="true" align="right">2m
                  43s
                  
               </td>
               <td nowrap="true">
                  <a onclick="toggleDetailsVisibility('tests.AgendaLide_checkPublications_byClass_FAIL4_exception')">java.lang.Throwable: 
                     Multiple failures (3):
                     
                     Failure 1 of 3:
                     java.lang.AssertionError: 
                     
                     Failure on page (title, link):
                     A central repository of publication results, implemented as a part of systems for revealing ...
                     https://is.muni.cz/publication/956090/cs?lang=cs
                     
                     Additional information:
                     Verify that "css=h1#nadpis" matches "A central repository of publication results, implemented as a part of systems for revealing
                     plagiarism"
                     
                     expected:&lt;A central repository of publication results, implemented as a part of systems for revealing plagiarism&gt; but was:&lt;A
                     central repository of publication results, implemented as a part of systems for revealing ...&gt;
                     	at org.testng.Assert.fail(Assert.java:89)
                     	at org.testng.Assert.failNotEquals(Assert.java:480)
                     	at org.testng.Assert.assertEquals(Assert.java:118)
                     	at tests.TestBase.assertEquals(TestBase.java:268)
                     	at tests.TestBase.verifyEquals(TestBase.java:332)
                     	at tests.AgendaLide.checkPublications(AgendaLide.java:523)
                     	at sun.reflect.NativeMethodAccessorImpl.invoke0(Native Method)
                     	at sun.reflect.NativeMethodAccessorImpl.invoke(NativeMethodAccessorImpl.java:57)
                     	at sun.reflect.DelegatingMethodAccessorImpl.invoke(DelegatingMethodAccessorImpl.java:43)
                     	at java.lang.reflect.Method.invoke(Method.java:601)
                     	at org.testng.internal.MethodInvocationHelper.invokeMethod(MethodInvocationHelper.java:76)
                     	at org.testng.internal.Invoker.invokeMethod(Invoker.java:673)
                     	at org.testng.internal.Invoker.invokeTestMethod(Invoker.java:846)
                     	at org.testng.internal.Invoker.invokeTestMethods(Invoker.java:1170)
                     	at org.testng.internal.TestMethodWorker.invokeTestMethods(TestMethodWorker.java:125)
                     	at org.testng.internal.TestMethodWorker.run(TestMethodWorker.java:109)
                     	at org.testng.TestRunner.runWorkers(TestRunner.java:1147)
                     	at org.testng.TestRunner.privateRun(TestRunner.java:749)
                     	at org.testng.TestRunner.run(TestRunner.java:600)
                     	at org.testng.SuiteRunner.runTest(SuiteRunner.java:317)
                     	at org.testng.SuiteRunner.runSequentially(SuiteRunner.java:312)
                     	at org.testng.SuiteRunner.privateRun(SuiteRunner.java:274)
                     	at org.testng.SuiteRunner.run(SuiteRunner.java:223)
                     	at org.testng.SuiteRunnerWorker.runSuite(SuiteRunnerWorker.java:52)
                     	at org.testng.SuiteRunnerWorker.run(SuiteRunnerWorker.java:86)
                     	at org.testng.TestNG.runSuitesSequentially(TestNG.java:1039)
                     	at org.testng.TestNG.runSuitesSequentially(TestNG.java:1035)
                     	at org.testng.TestNG.runSuitesLocally(TestNG.java:964)
                     	at org.testng.TestNG.run(TestNG.java:900)
                     	at org.testng.TestNG.privateMain(TestNG.java:1182)
                     	at org.testng.TestNG.main(TestNG.java:1146)
                     
                     
                     
                     Failure 2 of 3:
                     java.lang.AssertionError: 
                     
                     Failure on page (title, link):
                     E-learning 2.0, or Sharing Educational Contents and Specialized Knowledge by Means of Information ...
                     https://is.muni.cz/publication/868967/cs?lang=cs
                     
                     Additional information:
                     Verify that "css=h1#nadpis" matches "E-learning 2.0, or Sharing Educational Contents and Specialized Knowledge by Means of
                     Information System of Masaryk University (IS MU)"
                     
                     expected:&lt;E-learning 2.0, or Sharing Educational Contents and Specialized Knowledge by Means of Information System of Masaryk
                     University (IS MU)&gt; but was:&lt;E-learning 2.0, or Sharing Educational Contents and Specialized Knowledge by Means of Information
                     ...&gt;
                     	at org.testng.Assert.fail(Assert.java:89)
                     	at org.testng.Assert.failNotEquals(Assert.java:480)
                     	at org.testng.Assert.assertEquals(Assert.java:118)
                     	at tests.TestBase.assertEquals(TestBase.java:268)
                     	at tests.TestBase.verifyEquals(TestBase.java:332)
                     	at tests.AgendaLide.checkPublications(AgendaLide.java:523)
                     	at sun.reflect.NativeMethodAccessorImpl.invoke0(Native Method)
                     	at sun.reflect.NativeMethodAccessorImpl.invoke(NativeMethodAccessorImpl.java:57)
                     	at sun.reflect.DelegatingMethodAccessorImpl.invoke(DelegatingMethodAccessorImpl.java:43)
                     	at java.lang.reflect.Method.invoke(Method.java:601)
                     	at org.testng.internal.MethodInvocationHelper.invokeMethod(MethodInvocationHelper.java:76)
                     	at org.testng.internal.Invoker.invokeMethod(Invoker.java:673)
                     	at org.testng.internal.Invoker.invokeTestMethod(Invoker.java:846)
                     	at org.testng.internal.Invoker.invokeTestMethods(Invoker.java:1170)
                     	at org.testng.internal.TestMethodWorker.invokeTestMethods(TestMethodWorker.java:125)
                     	at org.testng.internal.TestMethodWorker.run(TestMethodWorker.java:109)
                     	at org.testng.TestRunner.runWorkers(TestRunner.java:1147)
                     	at org.testng.TestRunner.privateRun(TestRunner.java:749)
                     	at org.testng.TestRunner.run(TestRunner.java:600)
                     	at org.testng.SuiteRunner.runTest(SuiteRunner.java:317)
                     	at org.testng.SuiteRunner.runSequentially(SuiteRunner.java:312)
                     	at org.testng.SuiteRunner.privateRun(SuiteRunner.java:274)
                     	at org.testng.SuiteRunner.run(SuiteRunner.java:223)
                     	at org.testng.SuiteRunnerWorker.runSuite(SuiteRunnerWorker.java:52)
                     	at org.testng.SuiteRunnerWorker.run(SuiteRunnerWorker.java:86)
                     	at org.testng.TestNG.runSuitesSequentially(TestNG.java:1039)
                     	at org.testng.TestNG.runSuitesSequentially(TestNG.java:1035)
                     	at org.testng.TestNG.runSuitesLocally(TestNG.java:964)
                     	at org.testng.TestNG.run(TestNG.java:900)
                     	at org.testng.TestNG.privateMain(TestNG.java:1182)
                     	at org.testng.TestNG.main(TestNG.java:1146)
                     
                     
                     
                     Failure 3 of 3:
                     java.lang.AssertionError: 
                     
                     Failure on page (title, link):
                     Plošná inovace předmětů s využitím e-learningových nástrojů Informačního systému Masarykovy ...
                     https://is.muni.cz/publication/860042/cs?lang=cs
                     
                     Additional information:
                     Verify that "css=h1#nadpis" matches "Plošná inovace předmětů s využitím e-learningových nástrojů Informačního systému Masarykovy
                     univerzity (IS MU)"
                     
                     expected:&lt;Plošná inovace předmětů s využitím e-learningových nástrojů Informačního systému Masarykovy univerzity (IS MU)&gt;
                     but was:&lt;Plošná inovace předmětů s využitím e-learningových nástrojů Informačního systému Masarykovy ...&gt;
                     
                  </a>
                   
                  
               </td>
            </tr>
            <tr>
               <td colspan="4" class="detailsBox">
                  <div id="tests.AgendaLide_checkPublications_byClass_FAIL4_details"
                       class="testMethodDetails">
                     <div>
                        <b>Name: </b>checkPublications
                     </div>
                     <div>
                        <b>Description: </b>Checks specific person's publications.
                     </div>
                     <div>
                        <b>Signature: </b>checkPublications(tests.AgendaLide$PublicationsTabData, java.lang.String, java.lang.String)
                     </div>
                     <div>
                        <b>Parameters: </b>
                        
                        tests.AgendaLide$PublicationsTabData@c4ff15
                        
                        ,
                        
                        File: .\data\publicationsTabData.xls
                        
                        ,
                        
                        Row: 3
                        
                        
                     </div>
                     <div>
                        <b>Start time: </b>20:47:07
                     </div>
                     <div>
                        <b>End time: </b>20:48:50
                     </div>
                     <div>
                        <b>Duration: </b>2m
                        43s
                        
                     </div>
                  </div>
               </td>
            </tr>
            <tr>
               <td colspan="4" class="detailsBox">
                  <div id="tests.AgendaLide_checkPublications_byClass_FAIL4_exception"
                       class="testMethodDetails">
                     <pre style="padding: 5px; margin: 0;">java.lang.Throwable: Multiple failures (3):
                        
                        Failure 1 of 3:
                        java.lang.AssertionError: 
                        
                        Failure on page (title, link):
                        A central repository of publication results, implemented as a part of systems for revealing ...
                        https://is.muni.cz/publication/956090/cs?lang=cs
                        
                        Additional information:
                        Verify that "css=h1#nadpis" matches "A central repository of publication results, implemented as a part of systems for revealing
                        plagiarism"
                        
                        expected:&lt;A central repository of publication results, implemented as a part of systems for revealing plagiarism&gt; but was:&lt;A
                        central repository of publication results, implemented as a part of systems for revealing ...&gt;
                        	at org.testng.Assert.fail(Assert.java:89)
                        	at org.testng.Assert.failNotEquals(Assert.java:480)
                        	at org.testng.Assert.assertEquals(Assert.java:118)
                        	at tests.TestBase.assertEquals(TestBase.java:268)
                        	at tests.TestBase.verifyEquals(TestBase.java:332)
                        	at tests.AgendaLide.checkPublications(AgendaLide.java:523)
                        	at sun.reflect.NativeMethodAccessorImpl.invoke0(Native Method)
                        	at sun.reflect.NativeMethodAccessorImpl.invoke(NativeMethodAccessorImpl.java:57)
                        	at sun.reflect.DelegatingMethodAccessorImpl.invoke(DelegatingMethodAccessorImpl.java:43)
                        	at java.lang.reflect.Method.invoke(Method.java:601)
                        	at org.testng.internal.MethodInvocationHelper.invokeMethod(MethodInvocationHelper.java:76)
                        	at org.testng.internal.Invoker.invokeMethod(Invoker.java:673)
                        	at org.testng.internal.Invoker.invokeTestMethod(Invoker.java:846)
                        	at org.testng.internal.Invoker.invokeTestMethods(Invoker.java:1170)
                        	at org.testng.internal.TestMethodWorker.invokeTestMethods(TestMethodWorker.java:125)
                        	at org.testng.internal.TestMethodWorker.run(TestMethodWorker.java:109)
                        	at org.testng.TestRunner.runWorkers(TestRunner.java:1147)
                        	at org.testng.TestRunner.privateRun(TestRunner.java:749)
                        	at org.testng.TestRunner.run(TestRunner.java:600)
                        	at org.testng.SuiteRunner.runTest(SuiteRunner.java:317)
                        	at org.testng.SuiteRunner.runSequentially(SuiteRunner.java:312)
                        	at org.testng.SuiteRunner.privateRun(SuiteRunner.java:274)
                        	at org.testng.SuiteRunner.run(SuiteRunner.java:223)
                        	at org.testng.SuiteRunnerWorker.runSuite(SuiteRunnerWorker.java:52)
                        	at org.testng.SuiteRunnerWorker.run(SuiteRunnerWorker.java:86)
                        	at org.testng.TestNG.runSuitesSequentially(TestNG.java:1039)
                        	at org.testng.TestNG.runSuitesSequentially(TestNG.java:1035)
                        	at org.testng.TestNG.runSuitesLocally(TestNG.java:964)
                        	at org.testng.TestNG.run(TestNG.java:900)
                        	at org.testng.TestNG.privateMain(TestNG.java:1182)
                        	at org.testng.TestNG.main(TestNG.java:1146)
                        
                        
                        
                        Failure 2 of 3:
                        java.lang.AssertionError: 
                        
                        Failure on page (title, link):
                        E-learning 2.0, or Sharing Educational Contents and Specialized Knowledge by Means of Information ...
                        https://is.muni.cz/publication/868967/cs?lang=cs
                        
                        Additional information:
                        Verify that "css=h1#nadpis" matches "E-learning 2.0, or Sharing Educational Contents and Specialized Knowledge by Means of
                        Information System of Masaryk University (IS MU)"
                        
                        expected:&lt;E-learning 2.0, or Sharing Educational Contents and Specialized Knowledge by Means of Information System of Masaryk
                        University (IS MU)&gt; but was:&lt;E-learning 2.0, or Sharing Educational Contents and Specialized Knowledge by Means of Information
                        ...&gt;
                        	at org.testng.Assert.fail(Assert.java:89)
                        	at org.testng.Assert.failNotEquals(Assert.java:480)
                        	at org.testng.Assert.assertEquals(Assert.java:118)
                        	at tests.TestBase.assertEquals(TestBase.java:268)
                        	at tests.TestBase.verifyEquals(TestBase.java:332)
                        	at tests.AgendaLide.checkPublications(AgendaLide.java:523)
                        	at sun.reflect.NativeMethodAccessorImpl.invoke0(Native Method)
                        	at sun.reflect.NativeMethodAccessorImpl.invoke(NativeMethodAccessorImpl.java:57)
                        	at sun.reflect.DelegatingMethodAccessorImpl.invoke(DelegatingMethodAccessorImpl.java:43)
                        	at java.lang.reflect.Method.invoke(Method.java:601)
                        	at org.testng.internal.MethodInvocationHelper.invokeMethod(MethodInvocationHelper.java:76)
                        	at org.testng.internal.Invoker.invokeMethod(Invoker.java:673)
                        	at org.testng.internal.Invoker.invokeTestMethod(Invoker.java:846)
                        	at org.testng.internal.Invoker.invokeTestMethods(Invoker.java:1170)
                        	at org.testng.internal.TestMethodWorker.invokeTestMethods(TestMethodWorker.java:125)
                        	at org.testng.internal.TestMethodWorker.run(TestMethodWorker.java:109)
                        	at org.testng.TestRunner.runWorkers(TestRunner.java:1147)
                        	at org.testng.TestRunner.privateRun(TestRunner.java:749)
                        	at org.testng.TestRunner.run(TestRunner.java:600)
                        	at org.testng.SuiteRunner.runTest(SuiteRunner.java:317)
                        	at org.testng.SuiteRunner.runSequentially(SuiteRunner.java:312)
                        	at org.testng.SuiteRunner.privateRun(SuiteRunner.java:274)
                        	at org.testng.SuiteRunner.run(SuiteRunner.java:223)
                        	at org.testng.SuiteRunnerWorker.runSuite(SuiteRunnerWorker.java:52)
                        	at org.testng.SuiteRunnerWorker.run(SuiteRunnerWorker.java:86)
                        	at org.testng.TestNG.runSuitesSequentially(TestNG.java:1039)
                        	at org.testng.TestNG.runSuitesSequentially(TestNG.java:1035)
                        	at org.testng.TestNG.runSuitesLocally(TestNG.java:964)
                        	at org.testng.TestNG.run(TestNG.java:900)
                        	at org.testng.TestNG.privateMain(TestNG.java:1182)
                        	at org.testng.TestNG.main(TestNG.java:1146)
                        
                        
                        
                        Failure 3 of 3:
                        java.lang.AssertionError: 
                        
                        Failure on page (title, link):
                        Plošná inovace předmětů s využitím e-learningových nástrojů Informačního systému Masarykovy ...
                        https://is.muni.cz/publication/860042/cs?lang=cs
                        
                        Additional information:
                        Verify that "css=h1#nadpis" matches "Plošná inovace předmětů s využitím e-learningových nástrojů Informačního systému Masarykovy
                        univerzity (IS MU)"
                        
                        expected:&lt;Plošná inovace předmětů s využitím e-learningových nástrojů Informačního systému Masarykovy univerzity (IS MU)&gt;
                        but was:&lt;Plošná inovace předmětů s využitím e-learningových nástrojů Informačního systému Masarykovy ...&gt;
                        	at org.testng.Assert.fail(Assert.java:89)
                        	at org.testng.Assert.failNotEquals(Assert.java:480)
                        	at org.testng.Assert.assertEquals(Assert.java:118)
                        	at tests.TestBase.assertEquals(TestBase.java:268)
                        	at tests.TestBase.verifyEquals(TestBase.java:332)
                        	at tests.AgendaLide.checkPublications(AgendaLide.java:523)
                        	at sun.reflect.NativeMethodAccessorImpl.invoke0(Native Method)
                        	at sun.reflect.NativeMethodAccessorImpl.invoke(NativeMethodAccessorImpl.java:57)
                        	at sun.reflect.DelegatingMethodAccessorImpl.invoke(DelegatingMethodAccessorImpl.java:43)
                        	at java.lang.reflect.Method.invoke(Method.java:601)
                        	at org.testng.internal.MethodInvocationHelper.invokeMethod(MethodInvocationHelper.java:76)
                        	at org.testng.internal.Invoker.invokeMethod(Invoker.java:673)
                        	at org.testng.internal.Invoker.invokeTestMethod(Invoker.java:846)
                        	at org.testng.internal.Invoker.invokeTestMethods(Invoker.java:1170)
                        	at org.testng.internal.TestMethodWorker.invokeTestMethods(TestMethodWorker.java:125)
                        	at org.testng.internal.TestMethodWorker.run(TestMethodWorker.java:109)
                        	at org.testng.TestRunner.runWorkers(TestRunner.java:1147)
                        	at org.testng.TestRunner.privateRun(TestRunner.java:749)
                        	at org.testng.TestRunner.run(TestRunner.java:600)
                        	at org.testng.SuiteRunner.runTest(SuiteRunner.java:317)
                        	at org.testng.SuiteRunner.runSequentially(SuiteRunner.java:312)
                        	at org.testng.SuiteRunner.privateRun(SuiteRunner.java:274)
                        	at org.testng.SuiteRunner.run(SuiteRunner.java:223)
                        	at org.testng.SuiteRunnerWorker.runSuite(SuiteRunnerWorker.java:52)
                        	at org.testng.SuiteRunnerWorker.run(SuiteRunnerWorker.java:86)
                        	at org.testng.TestNG.runSuitesSequentially(TestNG.java:1039)
                        	at org.testng.TestNG.runSuitesSequentially(TestNG.java:1035)
                        	at org.testng.TestNG.runSuitesLocally(TestNG.java:964)
                        	at org.testng.TestNG.run(TestNG.java:900)
                        	at org.testng.TestNG.privateMain(TestNG.java:1182)
                        	at org.testng.TestNG.main(TestNG.java:1146)
                     </pre>
                  </div>
               </td>
            </tr>
            <tr id="tests.AgendaLide_stopSelenium_byClass_PASS5_row"
                class="testMethodStatusPASS testMethodStatusCONF">
               <td width="100%" class="firstMethodCell">
                  <a onclick="toggleDetailsVisibility('tests.AgendaLide_stopSelenium_byClass_PASS5_details')">stopSelenium()</a>
               </td>
               <td nowrap="true">20:48:50</td>
               <td nowrap="true" align="right">609 ms
                  
               </td>
               <td nowrap="true">
                   
                  
               </td>
            </tr>
            <tr>
               <td colspan="4" class="detailsBox">
                  <div id="tests.AgendaLide_stopSelenium_byClass_PASS5_details"
                       class="testMethodDetails">
                     <div>
                        <b>Name: </b>stopSelenium
                     </div>
                     <div>
                        <b>Signature: </b>stopSelenium()
                     </div>
                     <div>
                        <b>Start time: </b>20:48:50
                     </div>
                     <div>
                        <b>End time: </b>20:48:50
                     </div>
                     <div>
                        <b>Duration: </b>609 ms
                        
                     </div>
                  </div>
               </td>
            </tr>
            <tr></tr>
         </table>
         <br></br>
      </div>
      <div style="margin-top: 15px; color: gray; text-align: center; font-size: 9px;">
         Generated with
         
         <a href="http://code.google.com/p/testng-xslt/" style="color: #8888aa;"
            target="_blank">
            TestNG XSLT
            
         </a>
      </div>
   </body>
</html>